2024-05-23 00:01:34 [AsyncResolver-bootstrap-executor-0] INFO  : Resolving eureka endpoints via configuration
2024-05-23 00:06:34 [AsyncResolver-bootstrap-executor-0] INFO  : Resolving eureka endpoints via configuration
2024-05-23 00:11:34 [AsyncResolver-bootstrap-executor-0] INFO  : Resolving eureka endpoints via configuration
2024-05-23 00:16:34 [AsyncResolver-bootstrap-executor-0] INFO  : Resolving eureka endpoints via configuration
2024-05-23 00:21:34 [AsyncResolver-bootstrap-executor-0] INFO  : Resolving eureka endpoints via configuration
2024-05-23 00:26:34 [AsyncResolver-bootstrap-executor-0] INFO  : Resolving eureka endpoints via configuration
2024-05-23 00:31:34 [AsyncResolver-bootstrap-executor-0] INFO  : Resolving eureka endpoints via configuration
2024-05-23 00:36:34 [AsyncResolver-bootstrap-executor-0] INFO  : Resolving eureka endpoints via configuration
2024-05-23 00:41:34 [AsyncResolver-bootstrap-executor-0] INFO  : Resolving eureka endpoints via configuration
2024-05-23 00:46:34 [AsyncResolver-bootstrap-executor-0] INFO  : Resolving eureka endpoints via configuration
2024-05-23 00:51:34 [AsyncResolver-bootstrap-executor-0] INFO  : Resolving eureka endpoints via configuration
2024-05-23 00:56:34 [AsyncResolver-bootstrap-executor-0] INFO  : Resolving eureka endpoints via configuration
2024-05-23 01:01:34 [AsyncResolver-bootstrap-executor-0] INFO  : Resolving eureka endpoints via configuration
2024-05-23 01:06:34 [AsyncResolver-bootstrap-executor-0] INFO  : Resolving eureka endpoints via configuration
2024-05-23 01:11:34 [AsyncResolver-bootstrap-executor-0] INFO  : Resolving eureka endpoints via configuration
2024-05-23 01:16:34 [AsyncResolver-bootstrap-executor-0] INFO  : Resolving eureka endpoints via configuration
2024-05-23 09:20:35 [AsyncResolver-bootstrap-executor-0] INFO  : Resolving eureka endpoints via configuration
2024-05-23 09:25:35 [AsyncResolver-bootstrap-executor-0] INFO  : Resolving eureka endpoints via configuration
2024-05-23 09:30:35 [AsyncResolver-bootstrap-executor-0] INFO  : Resolving eureka endpoints via configuration
2024-05-23 09:35:35 [AsyncResolver-bootstrap-executor-0] INFO  : Resolving eureka endpoints via configuration
2024-05-23 09:39:22 [File Watcher] INFO  : Restarting due to 2 class path changes (0 additions, 0 deletions, 2 modifications)
2024-05-23 09:39:22 [Thread-134] INFO  : Unregistering application ACCOUNTSSERVICE with eureka with status DOWN
2024-05-23 09:39:22 [Thread-134] INFO  : Saw local status change event StatusChangeEvent [timestamp=1716475162881, current=DOWN, previous=UP]
2024-05-23 09:39:22 [DiscoveryClient-InstanceInfoReplicator-0] INFO  : DiscoveryClient_ACCOUNTSSERVICE/192.168.0.11:accountsService:8080: registering service...
2024-05-23 09:39:22 [DiscoveryClient-InstanceInfoReplicator-0] INFO  : DiscoveryClient_ACCOUNTSSERVICE/192.168.0.11:accountsService:8080 - registration status: 204
2024-05-23 09:39:25 [Thread-134] INFO  : Shutting down DiscoveryClient ...
2024-05-23 09:39:28 [Thread-134] INFO  : Unregistering ...
2024-05-23 09:39:28 [Thread-134] INFO  : DiscoveryClient_ACCOUNTSSERVICE/192.168.0.11:accountsService:8080 - deregister  status: 200
2024-05-23 09:39:28 [Thread-134] INFO  : Completed shut down of DiscoveryClient
2024-05-23 09:39:28 [restartedMain] INFO  : Starting FinalProjectApplication using Java 19.0.2 on valnaevis with PID 9120 (C:\Users\sammi\Documents\NTT GRUPAL\NTTBank\FinalProducts\target\classes started by sammi in C:\Users\sammi\Documents\NTT GRUPAL\NTTBank)
2024-05-23 09:39:28 [restartedMain] INFO  : No active profile set, falling back to 1 default profile: "default"
2024-05-23 09:39:29 [restartedMain] INFO  : Bootstrapping Spring Data Reactive MongoDB repositories in DEFAULT mode.
2024-05-23 09:39:29 [restartedMain] INFO  : Finished Spring Data repository scanning in 16 ms. Found 3 Reactive MongoDB repository interfaces.
2024-05-23 09:39:29 [restartedMain] INFO  : BeanFactory id=6545e6b4-257b-3bac-85b4-8eb8915c1e36
2024-05-23 09:39:29 [restartedMain] INFO  : Bean 'org.springframework.cloud.client.loadbalancer.reactive.LoadBalancerBeanPostProcessorAutoConfiguration' of type [org.springframework.cloud.client.loadbalancer.reactive.LoadBalancerBeanPostProcessorAutoConfiguration] is not eligible for getting processed by all BeanPostProcessors (for example: not eligible for auto-proxying)
2024-05-23 09:39:29 [restartedMain] INFO  : Bean 'org.springframework.cloud.client.loadbalancer.reactive.LoadBalancerBeanPostProcessorAutoConfiguration$ReactorDeferringLoadBalancerFilterConfig' of type [org.springframework.cloud.client.loadbalancer.reactive.LoadBalancerBeanPostProcessorAutoConfiguration$ReactorDeferringLoadBalancerFilterConfig] is not eligible for getting processed by all BeanPostProcessors (for example: not eligible for auto-proxying)
2024-05-23 09:39:29 [restartedMain] INFO  : Bean 'reactorDeferringLoadBalancerExchangeFilterFunction' of type [org.springframework.cloud.client.loadbalancer.reactive.DeferringLoadBalancerExchangeFilterFunction] is not eligible for getting processed by all BeanPostProcessors (for example: not eligible for auto-proxying)
2024-05-23 09:39:29 [restartedMain] INFO  : MongoClient with metadata {"driver": {"name": "mongo-java-driver|reactive-streams|spring-boot", "version": "4.6.1"}, "os": {"type": "Windows", "name": "Windows 11", "architecture": "amd64", "version": "10.0"}, "platform": "Java/Amazon.com Inc./19.0.2+7-FR"} created with settings MongoClientSettings{readPreference=primary, writeConcern=WriteConcern{w=null, wTimeout=null ms, journal=null}, retryWrites=true, retryReads=true, readConcern=ReadConcern{level=null}, credential=null, streamFactoryFactory=NettyStreamFactoryFactory{eventLoopGroup=io.netty.channel.nio.NioEventLoopGroup@13c2108a, socketChannelClass=class io.netty.channel.socket.nio.NioSocketChannel, allocator=PooledByteBufAllocator(directByDefault: true), sslContext=null}, commandListeners=[], codecRegistry=ProvidersCodecRegistry{codecProviders=[ValueCodecProvider{}, BsonValueCodecProvider{}, DBRefCodecProvider{}, DBObjectCodecProvider{}, DocumentCodecProvider{}, IterableCodecProvider{}, MapCodecProvider{}, GeoJsonCodecProvider{}, GridFSFileCodecProvider{}, Jsr310CodecProvider{}, JsonObjectCodecProvider{}, BsonCodecProvider{}, EnumCodecProvider{}, com.mongodb.Jep395RecordCodecProvider@b41420c]}, clusterSettings={hosts=[localhost:27017], srvServiceName=mongodb, mode=SINGLE, requiredClusterType=UNKNOWN, requiredReplicaSetName='null', serverSelector='null', clusterListeners='[]', serverSelectionTimeout='30000 ms', localThreshold='30000 ms'}, socketSettings=SocketSettings{connectTimeoutMS=10000, readTimeoutMS=0, receiveBufferSize=0, sendBufferSize=0}, heartbeatSocketSettings=SocketSettings{connectTimeoutMS=10000, readTimeoutMS=10000, receiveBufferSize=0, sendBufferSize=0}, connectionPoolSettings=ConnectionPoolSettings{maxSize=100, minSize=0, maxWaitTimeMS=120000, maxConnectionLifeTimeMS=0, maxConnectionIdleTimeMS=0, maintenanceInitialDelayMS=0, maintenanceFrequencyMS=60000, connectionPoolListeners=[], maxConnecting=2}, serverSettings=ServerSettings{heartbeatFrequencyMS=10000, minHeartbeatFrequencyMS=500, serverListeners='[]', serverMonitorListeners='[]'}, sslSettings=SslSettings{enabled=false, invalidHostNameAllowed=false, context=null}, applicationName='null', compressorList=[], uuidRepresentation=JAVA_LEGACY, serverApi=null, autoEncryptionSettings=null, contextProvider=null}
2024-05-23 09:39:29 [restartedMain] WARN  : Registering converter from class java.time.LocalDateTime to class org.joda.time.LocalDateTime as reading converter although it doesn't convert from a store-supported type; You might want to check your annotation setup at the converter implementation
2024-05-23 09:39:29 [cluster-ClusterId{value='664f55213cadd259aeb36446', description='null'}-localhost:27017] INFO  : Opened connection [connectionId{localValue:29, serverValue:168}] to localhost:27017
2024-05-23 09:39:29 [cluster-ClusterId{value='664f55213cadd259aeb36446', description='null'}-localhost:27017] INFO  : Monitor thread successfully connected to server with description ServerDescription{address=localhost:27017, type=STANDALONE, state=CONNECTED, ok=true, minWireVersion=0, maxWireVersion=21, maxDocumentSize=16777216, logicalSessionTimeoutMinutes=30, roundTripTimeNanos=9840900}
2024-05-23 09:39:29 [cluster-rtt-ClusterId{value='664f55213cadd259aeb36446', description='null'}-localhost:27017] INFO  : Opened connection [connectionId{localValue:30, serverValue:167}] to localhost:27017
2024-05-23 09:39:29 [restartedMain] WARN  : Unable to start LiveReload server
2024-05-23 09:39:29 [restartedMain] WARN  : Registering converter from class java.time.LocalDateTime to class org.joda.time.LocalDateTime as reading converter although it doesn't convert from a store-supported type; You might want to check your annotation setup at the converter implementation
2024-05-23 09:39:29 [restartedMain] INFO  : Eureka HTTP Client uses RestTemplate.
2024-05-23 09:39:30 [restartedMain] WARN  : Spring Cloud LoadBalancer is currently working with the default cache. While this cache implementation is useful for development and tests, it's recommended to use Caffeine cache in production.You can switch to using Caffeine cache, by adding it and org.springframework.cache.caffeine.CaffeineCacheManager to the classpath.
2024-05-23 09:39:30 [restartedMain] INFO  : Setting initial instance status as: STARTING
2024-05-23 09:39:30 [restartedMain] INFO  : Initializing Eureka in region us-east-1
2024-05-23 09:39:30 [restartedMain] INFO  : Resolving eureka endpoints via configuration
2024-05-23 09:39:30 [restartedMain] INFO  : Disable delta property : false
2024-05-23 09:39:30 [restartedMain] INFO  : Single vip registry refresh property : null
2024-05-23 09:39:30 [restartedMain] INFO  : Force full registry fetch : false
2024-05-23 09:39:30 [restartedMain] INFO  : Application is null : false
2024-05-23 09:39:30 [restartedMain] INFO  : Registered Applications size is zero : true
2024-05-23 09:39:30 [restartedMain] INFO  : Application version is -1: true
2024-05-23 09:39:30 [restartedMain] INFO  : Getting all instance registry info from the eureka server
2024-05-23 09:39:30 [restartedMain] INFO  : The response status is 200
2024-05-23 09:39:30 [restartedMain] INFO  : Starting heartbeat executor: renew interval is: 30
2024-05-23 09:39:30 [restartedMain] INFO  : InstanceInfoReplicator onDemand update allowed rate per min is 4
2024-05-23 09:39:30 [restartedMain] INFO  : Discovery Client initialized at timestamp 1716475170172 with initial instances count: 2
2024-05-23 09:39:30 [restartedMain] INFO  : Registering application ACCOUNTSSERVICE with eureka with status UP
2024-05-23 09:39:30 [restartedMain] INFO  : Saw local status change event StatusChangeEvent [timestamp=1716475170173, current=UP, previous=STARTING]
2024-05-23 09:39:30 [DiscoveryClient-InstanceInfoReplicator-0] INFO  : DiscoveryClient_ACCOUNTSSERVICE/192.168.0.11:accountsService:8080: registering service...
2024-05-23 09:39:30 [DiscoveryClient-InstanceInfoReplicator-0] INFO  : DiscoveryClient_ACCOUNTSSERVICE/192.168.0.11:accountsService:8080 - registration status: 204
2024-05-23 09:39:30 [restartedMain] INFO  : Netty started on port 8080
2024-05-23 09:39:30 [restartedMain] INFO  : Updating port to 8080
2024-05-23 09:39:30 [restartedMain] INFO  : Started FinalProjectApplication in 1.65 seconds (JVM running for 52321.709)
2024-05-23 09:39:30 [restartedMain] INFO  : Condition evaluation unchanged
2024-05-23 09:39:31 [File Watcher] INFO  : Restarting due to 41 class path changes (0 additions, 0 deletions, 41 modifications)
2024-05-23 09:39:31 [Thread-155] INFO  : Unregistering application ACCOUNTSSERVICE with eureka with status DOWN
2024-05-23 09:39:31 [Thread-155] INFO  : Saw local status change event StatusChangeEvent [timestamp=1716475171207, current=DOWN, previous=UP]
2024-05-23 09:39:31 [DiscoveryClient-InstanceInfoReplicator-0] INFO  : DiscoveryClient_ACCOUNTSSERVICE/192.168.0.11:accountsService:8080: registering service...
2024-05-23 09:39:31 [DiscoveryClient-InstanceInfoReplicator-0] INFO  : DiscoveryClient_ACCOUNTSSERVICE/192.168.0.11:accountsService:8080 - registration status: 204
2024-05-23 09:39:33 [Thread-155] INFO  : Shutting down DiscoveryClient ...
2024-05-23 09:39:36 [Thread-155] INFO  : Unregistering ...
2024-05-23 09:39:36 [Thread-155] INFO  : DiscoveryClient_ACCOUNTSSERVICE/192.168.0.11:accountsService:8080 - deregister  status: 200
2024-05-23 09:39:36 [Thread-155] INFO  : Completed shut down of DiscoveryClient
2024-05-23 09:39:36 [restartedMain] INFO  : Starting FinalProjectApplication using Java 19.0.2 on valnaevis with PID 9120 (C:\Users\sammi\Documents\NTT GRUPAL\NTTBank\FinalProducts\target\classes started by sammi in C:\Users\sammi\Documents\NTT GRUPAL\NTTBank)
2024-05-23 09:39:36 [restartedMain] INFO  : No active profile set, falling back to 1 default profile: "default"
2024-05-23 09:39:36 [restartedMain] INFO  : Bootstrapping Spring Data Reactive MongoDB repositories in DEFAULT mode.
2024-05-23 09:39:36 [restartedMain] INFO  : Finished Spring Data repository scanning in 19 ms. Found 3 Reactive MongoDB repository interfaces.
2024-05-23 09:39:36 [restartedMain] INFO  : BeanFactory id=6545e6b4-257b-3bac-85b4-8eb8915c1e36
2024-05-23 09:39:36 [restartedMain] INFO  : Bean 'org.springframework.cloud.client.loadbalancer.reactive.LoadBalancerBeanPostProcessorAutoConfiguration' of type [org.springframework.cloud.client.loadbalancer.reactive.LoadBalancerBeanPostProcessorAutoConfiguration] is not eligible for getting processed by all BeanPostProcessors (for example: not eligible for auto-proxying)
2024-05-23 09:39:36 [restartedMain] INFO  : Bean 'org.springframework.cloud.client.loadbalancer.reactive.LoadBalancerBeanPostProcessorAutoConfiguration$ReactorDeferringLoadBalancerFilterConfig' of type [org.springframework.cloud.client.loadbalancer.reactive.LoadBalancerBeanPostProcessorAutoConfiguration$ReactorDeferringLoadBalancerFilterConfig] is not eligible for getting processed by all BeanPostProcessors (for example: not eligible for auto-proxying)
2024-05-23 09:39:36 [restartedMain] INFO  : Bean 'reactorDeferringLoadBalancerExchangeFilterFunction' of type [org.springframework.cloud.client.loadbalancer.reactive.DeferringLoadBalancerExchangeFilterFunction] is not eligible for getting processed by all BeanPostProcessors (for example: not eligible for auto-proxying)
2024-05-23 09:39:36 [restartedMain] INFO  : MongoClient with metadata {"driver": {"name": "mongo-java-driver|reactive-streams|spring-boot", "version": "4.6.1"}, "os": {"type": "Windows", "name": "Windows 11", "architecture": "amd64", "version": "10.0"}, "platform": "Java/Amazon.com Inc./19.0.2+7-FR"} created with settings MongoClientSettings{readPreference=primary, writeConcern=WriteConcern{w=null, wTimeout=null ms, journal=null}, retryWrites=true, retryReads=true, readConcern=ReadConcern{level=null}, credential=null, streamFactoryFactory=NettyStreamFactoryFactory{eventLoopGroup=io.netty.channel.nio.NioEventLoopGroup@2c49e80d, socketChannelClass=class io.netty.channel.socket.nio.NioSocketChannel, allocator=PooledByteBufAllocator(directByDefault: true), sslContext=null}, commandListeners=[], codecRegistry=ProvidersCodecRegistry{codecProviders=[ValueCodecProvider{}, BsonValueCodecProvider{}, DBRefCodecProvider{}, DBObjectCodecProvider{}, DocumentCodecProvider{}, IterableCodecProvider{}, MapCodecProvider{}, GeoJsonCodecProvider{}, GridFSFileCodecProvider{}, Jsr310CodecProvider{}, JsonObjectCodecProvider{}, BsonCodecProvider{}, EnumCodecProvider{}, com.mongodb.Jep395RecordCodecProvider@b41420c]}, clusterSettings={hosts=[localhost:27017], srvServiceName=mongodb, mode=SINGLE, requiredClusterType=UNKNOWN, requiredReplicaSetName='null', serverSelector='null', clusterListeners='[]', serverSelectionTimeout='30000 ms', localThreshold='30000 ms'}, socketSettings=SocketSettings{connectTimeoutMS=10000, readTimeoutMS=0, receiveBufferSize=0, sendBufferSize=0}, heartbeatSocketSettings=SocketSettings{connectTimeoutMS=10000, readTimeoutMS=10000, receiveBufferSize=0, sendBufferSize=0}, connectionPoolSettings=ConnectionPoolSettings{maxSize=100, minSize=0, maxWaitTimeMS=120000, maxConnectionLifeTimeMS=0, maxConnectionIdleTimeMS=0, maintenanceInitialDelayMS=0, maintenanceFrequencyMS=60000, connectionPoolListeners=[], maxConnecting=2}, serverSettings=ServerSettings{heartbeatFrequencyMS=10000, minHeartbeatFrequencyMS=500, serverListeners='[]', serverMonitorListeners='[]'}, sslSettings=SslSettings{enabled=false, invalidHostNameAllowed=false, context=null}, applicationName='null', compressorList=[], uuidRepresentation=JAVA_LEGACY, serverApi=null, autoEncryptionSettings=null, contextProvider=null}
2024-05-23 09:39:36 [cluster-ClusterId{value='664f55283cadd259aeb36447', description='null'}-localhost:27017] INFO  : Opened connection [connectionId{localValue:31, serverValue:169}] to localhost:27017
2024-05-23 09:39:36 [cluster-ClusterId{value='664f55283cadd259aeb36447', description='null'}-localhost:27017] INFO  : Monitor thread successfully connected to server with description ServerDescription{address=localhost:27017, type=STANDALONE, state=CONNECTED, ok=true, minWireVersion=0, maxWireVersion=21, maxDocumentSize=16777216, logicalSessionTimeoutMinutes=30, roundTripTimeNanos=2169600}
2024-05-23 09:39:36 [cluster-rtt-ClusterId{value='664f55283cadd259aeb36447', description='null'}-localhost:27017] INFO  : Opened connection [connectionId{localValue:32, serverValue:170}] to localhost:27017
2024-05-23 09:39:36 [restartedMain] WARN  : Registering converter from class java.time.LocalDateTime to class org.joda.time.LocalDateTime as reading converter although it doesn't convert from a store-supported type; You might want to check your annotation setup at the converter implementation
2024-05-23 09:39:36 [restartedMain] WARN  : Unable to start LiveReload server
2024-05-23 09:39:36 [restartedMain] WARN  : Registering converter from class java.time.LocalDateTime to class org.joda.time.LocalDateTime as reading converter although it doesn't convert from a store-supported type; You might want to check your annotation setup at the converter implementation
2024-05-23 09:39:37 [restartedMain] INFO  : Eureka HTTP Client uses RestTemplate.
2024-05-23 09:39:37 [restartedMain] WARN  : Spring Cloud LoadBalancer is currently working with the default cache. While this cache implementation is useful for development and tests, it's recommended to use Caffeine cache in production.You can switch to using Caffeine cache, by adding it and org.springframework.cache.caffeine.CaffeineCacheManager to the classpath.
2024-05-23 09:39:37 [restartedMain] INFO  : Setting initial instance status as: STARTING
2024-05-23 09:39:37 [restartedMain] INFO  : Initializing Eureka in region us-east-1
2024-05-23 09:39:37 [restartedMain] INFO  : Resolving eureka endpoints via configuration
2024-05-23 09:39:37 [restartedMain] INFO  : Disable delta property : false
2024-05-23 09:39:37 [restartedMain] INFO  : Single vip registry refresh property : null
2024-05-23 09:39:37 [restartedMain] INFO  : Force full registry fetch : false
2024-05-23 09:39:37 [restartedMain] INFO  : Application is null : false
2024-05-23 09:39:37 [restartedMain] INFO  : Registered Applications size is zero : true
2024-05-23 09:39:37 [restartedMain] INFO  : Application version is -1: true
2024-05-23 09:39:37 [restartedMain] INFO  : Getting all instance registry info from the eureka server
2024-05-23 09:39:37 [restartedMain] INFO  : The response status is 200
2024-05-23 09:39:37 [restartedMain] INFO  : Starting heartbeat executor: renew interval is: 30
2024-05-23 09:39:37 [restartedMain] INFO  : InstanceInfoReplicator onDemand update allowed rate per min is 4
2024-05-23 09:39:37 [restartedMain] INFO  : Discovery Client initialized at timestamp 1716475177236 with initial instances count: 2
2024-05-23 09:39:37 [restartedMain] INFO  : Registering application ACCOUNTSSERVICE with eureka with status UP
2024-05-23 09:39:37 [restartedMain] INFO  : Saw local status change event StatusChangeEvent [timestamp=1716475177237, current=UP, previous=STARTING]
2024-05-23 09:39:37 [DiscoveryClient-InstanceInfoReplicator-0] INFO  : DiscoveryClient_ACCOUNTSSERVICE/192.168.0.11:accountsService:8080: registering service...
2024-05-23 09:39:37 [DiscoveryClient-InstanceInfoReplicator-0] INFO  : DiscoveryClient_ACCOUNTSSERVICE/192.168.0.11:accountsService:8080 - registration status: 204
2024-05-23 09:39:37 [restartedMain] INFO  : Netty started on port 8080
2024-05-23 09:39:37 [restartedMain] INFO  : Updating port to 8080
2024-05-23 09:39:37 [restartedMain] INFO  : Started FinalProjectApplication in 1.045 seconds (JVM running for 52328.736)
2024-05-23 09:39:37 [restartedMain] INFO  : Condition evaluation unchanged
2024-05-23 09:42:53 [File Watcher] INFO  : Restarting due to 1 class path change (0 additions, 0 deletions, 1 modification)
2024-05-23 09:42:53 [Thread-162] INFO  : Unregistering application ACCOUNTSSERVICE with eureka with status DOWN
2024-05-23 09:42:53 [Thread-162] INFO  : Saw local status change event StatusChangeEvent [timestamp=1716475373917, current=DOWN, previous=UP]
2024-05-23 09:42:53 [DiscoveryClient-InstanceInfoReplicator-0] INFO  : DiscoveryClient_ACCOUNTSSERVICE/192.168.0.11:accountsService:8080: registering service...
2024-05-23 09:42:53 [DiscoveryClient-InstanceInfoReplicator-0] INFO  : DiscoveryClient_ACCOUNTSSERVICE/192.168.0.11:accountsService:8080 - registration status: 204
2024-05-23 09:42:55 [Thread-162] INFO  : Shutting down DiscoveryClient ...
2024-05-23 09:42:58 [Thread-162] INFO  : Unregistering ...
2024-05-23 09:42:58 [Thread-162] INFO  : DiscoveryClient_ACCOUNTSSERVICE/192.168.0.11:accountsService:8080 - deregister  status: 200
2024-05-23 09:42:59 [Thread-162] INFO  : Completed shut down of DiscoveryClient
2024-05-23 09:42:59 [restartedMain] INFO  : Starting FinalProjectApplication using Java 19.0.2 on valnaevis with PID 9120 (C:\Users\sammi\Documents\NTT GRUPAL\NTTBank\FinalProducts\target\classes started by sammi in C:\Users\sammi\Documents\NTT GRUPAL\NTTBank)
2024-05-23 09:42:59 [restartedMain] INFO  : No active profile set, falling back to 1 default profile: "default"
2024-05-23 09:42:59 [restartedMain] INFO  : Bootstrapping Spring Data Reactive MongoDB repositories in DEFAULT mode.
2024-05-23 09:42:59 [restartedMain] INFO  : Finished Spring Data repository scanning in 19 ms. Found 3 Reactive MongoDB repository interfaces.
2024-05-23 09:42:59 [restartedMain] INFO  : BeanFactory id=6545e6b4-257b-3bac-85b4-8eb8915c1e36
2024-05-23 09:42:59 [restartedMain] INFO  : Bean 'org.springframework.cloud.client.loadbalancer.reactive.LoadBalancerBeanPostProcessorAutoConfiguration' of type [org.springframework.cloud.client.loadbalancer.reactive.LoadBalancerBeanPostProcessorAutoConfiguration] is not eligible for getting processed by all BeanPostProcessors (for example: not eligible for auto-proxying)
2024-05-23 09:42:59 [restartedMain] INFO  : Bean 'org.springframework.cloud.client.loadbalancer.reactive.LoadBalancerBeanPostProcessorAutoConfiguration$ReactorDeferringLoadBalancerFilterConfig' of type [org.springframework.cloud.client.loadbalancer.reactive.LoadBalancerBeanPostProcessorAutoConfiguration$ReactorDeferringLoadBalancerFilterConfig] is not eligible for getting processed by all BeanPostProcessors (for example: not eligible for auto-proxying)
2024-05-23 09:42:59 [restartedMain] INFO  : Bean 'reactorDeferringLoadBalancerExchangeFilterFunction' of type [org.springframework.cloud.client.loadbalancer.reactive.DeferringLoadBalancerExchangeFilterFunction] is not eligible for getting processed by all BeanPostProcessors (for example: not eligible for auto-proxying)
2024-05-23 09:42:59 [restartedMain] INFO  : MongoClient with metadata {"driver": {"name": "mongo-java-driver|reactive-streams|spring-boot", "version": "4.6.1"}, "os": {"type": "Windows", "name": "Windows 11", "architecture": "amd64", "version": "10.0"}, "platform": "Java/Amazon.com Inc./19.0.2+7-FR"} created with settings MongoClientSettings{readPreference=primary, writeConcern=WriteConcern{w=null, wTimeout=null ms, journal=null}, retryWrites=true, retryReads=true, readConcern=ReadConcern{level=null}, credential=null, streamFactoryFactory=NettyStreamFactoryFactory{eventLoopGroup=io.netty.channel.nio.NioEventLoopGroup@5c1918ed, socketChannelClass=class io.netty.channel.socket.nio.NioSocketChannel, allocator=PooledByteBufAllocator(directByDefault: true), sslContext=null}, commandListeners=[], codecRegistry=ProvidersCodecRegistry{codecProviders=[ValueCodecProvider{}, BsonValueCodecProvider{}, DBRefCodecProvider{}, DBObjectCodecProvider{}, DocumentCodecProvider{}, IterableCodecProvider{}, MapCodecProvider{}, GeoJsonCodecProvider{}, GridFSFileCodecProvider{}, Jsr310CodecProvider{}, JsonObjectCodecProvider{}, BsonCodecProvider{}, EnumCodecProvider{}, com.mongodb.Jep395RecordCodecProvider@b41420c]}, clusterSettings={hosts=[localhost:27017], srvServiceName=mongodb, mode=SINGLE, requiredClusterType=UNKNOWN, requiredReplicaSetName='null', serverSelector='null', clusterListeners='[]', serverSelectionTimeout='30000 ms', localThreshold='30000 ms'}, socketSettings=SocketSettings{connectTimeoutMS=10000, readTimeoutMS=0, receiveBufferSize=0, sendBufferSize=0}, heartbeatSocketSettings=SocketSettings{connectTimeoutMS=10000, readTimeoutMS=10000, receiveBufferSize=0, sendBufferSize=0}, connectionPoolSettings=ConnectionPoolSettings{maxSize=100, minSize=0, maxWaitTimeMS=120000, maxConnectionLifeTimeMS=0, maxConnectionIdleTimeMS=0, maintenanceInitialDelayMS=0, maintenanceFrequencyMS=60000, connectionPoolListeners=[], maxConnecting=2}, serverSettings=ServerSettings{heartbeatFrequencyMS=10000, minHeartbeatFrequencyMS=500, serverListeners='[]', serverMonitorListeners='[]'}, sslSettings=SslSettings{enabled=false, invalidHostNameAllowed=false, context=null}, applicationName='null', compressorList=[], uuidRepresentation=JAVA_LEGACY, serverApi=null, autoEncryptionSettings=null, contextProvider=null}
2024-05-23 09:42:59 [restartedMain] WARN  : Registering converter from class java.time.LocalDateTime to class org.joda.time.LocalDateTime as reading converter although it doesn't convert from a store-supported type; You might want to check your annotation setup at the converter implementation
2024-05-23 09:42:59 [cluster-ClusterId{value='664f55f33cadd259aeb36448', description='null'}-localhost:27017] INFO  : Opened connection [connectionId{localValue:33, serverValue:171}] to localhost:27017
2024-05-23 09:42:59 [cluster-ClusterId{value='664f55f33cadd259aeb36448', description='null'}-localhost:27017] INFO  : Monitor thread successfully connected to server with description ServerDescription{address=localhost:27017, type=STANDALONE, state=CONNECTED, ok=true, minWireVersion=0, maxWireVersion=21, maxDocumentSize=16777216, logicalSessionTimeoutMinutes=30, roundTripTimeNanos=1781000}
2024-05-23 09:42:59 [cluster-rtt-ClusterId{value='664f55f33cadd259aeb36448', description='null'}-localhost:27017] INFO  : Opened connection [connectionId{localValue:34, serverValue:172}] to localhost:27017
2024-05-23 09:42:59 [restartedMain] WARN  : Unable to start LiveReload server
2024-05-23 09:42:59 [restartedMain] WARN  : Registering converter from class java.time.LocalDateTime to class org.joda.time.LocalDateTime as reading converter although it doesn't convert from a store-supported type; You might want to check your annotation setup at the converter implementation
2024-05-23 09:42:59 [restartedMain] INFO  : Eureka HTTP Client uses RestTemplate.
2024-05-23 09:43:00 [restartedMain] WARN  : Spring Cloud LoadBalancer is currently working with the default cache. While this cache implementation is useful for development and tests, it's recommended to use Caffeine cache in production.You can switch to using Caffeine cache, by adding it and org.springframework.cache.caffeine.CaffeineCacheManager to the classpath.
2024-05-23 09:43:00 [restartedMain] INFO  : Setting initial instance status as: STARTING
2024-05-23 09:43:00 [restartedMain] INFO  : Initializing Eureka in region us-east-1
2024-05-23 09:43:00 [restartedMain] INFO  : Resolving eureka endpoints via configuration
2024-05-23 09:43:00 [restartedMain] INFO  : Disable delta property : false
2024-05-23 09:43:00 [restartedMain] INFO  : Single vip registry refresh property : null
2024-05-23 09:43:00 [restartedMain] INFO  : Force full registry fetch : false
2024-05-23 09:43:00 [restartedMain] INFO  : Application is null : false
2024-05-23 09:43:00 [restartedMain] INFO  : Registered Applications size is zero : true
2024-05-23 09:43:00 [restartedMain] INFO  : Application version is -1: true
2024-05-23 09:43:00 [restartedMain] INFO  : Getting all instance registry info from the eureka server
2024-05-23 09:43:00 [restartedMain] INFO  : The response status is 200
2024-05-23 09:43:00 [restartedMain] INFO  : Starting heartbeat executor: renew interval is: 30
2024-05-23 09:43:00 [restartedMain] INFO  : InstanceInfoReplicator onDemand update allowed rate per min is 4
2024-05-23 09:43:00 [restartedMain] INFO  : Discovery Client initialized at timestamp 1716475380386 with initial instances count: 2
2024-05-23 09:43:00 [restartedMain] INFO  : Registering application ACCOUNTSSERVICE with eureka with status UP
2024-05-23 09:43:00 [restartedMain] INFO  : Saw local status change event StatusChangeEvent [timestamp=1716475380387, current=UP, previous=STARTING]
2024-05-23 09:43:00 [DiscoveryClient-InstanceInfoReplicator-0] INFO  : DiscoveryClient_ACCOUNTSSERVICE/192.168.0.11:accountsService:8080: registering service...
2024-05-23 09:43:00 [DiscoveryClient-InstanceInfoReplicator-0] INFO  : DiscoveryClient_ACCOUNTSSERVICE/192.168.0.11:accountsService:8080 - registration status: 204
2024-05-23 09:43:00 [restartedMain] INFO  : Netty started on port 8080
2024-05-23 09:43:00 [restartedMain] INFO  : Updating port to 8080
2024-05-23 09:43:00 [restartedMain] INFO  : Started FinalProjectApplication in 1.551 seconds (JVM running for 52531.944)
2024-05-23 09:43:00 [restartedMain] INFO  : Condition evaluation unchanged
2024-05-23 09:45:36 [SpringApplicationShutdownHook] INFO  : Unregistering application ACCOUNTSSERVICE with eureka with status DOWN
2024-05-23 09:45:36 [SpringApplicationShutdownHook] INFO  : Saw local status change event StatusChangeEvent [timestamp=1716475536262, current=DOWN, previous=UP]
2024-05-23 09:45:36 [DiscoveryClient-InstanceInfoReplicator-0] INFO  : DiscoveryClient_ACCOUNTSSERVICE/192.168.0.11:accountsService:8080: registering service...
2024-05-23 09:45:36 [DiscoveryClient-InstanceInfoReplicator-0] INFO  : DiscoveryClient_ACCOUNTSSERVICE/192.168.0.11:accountsService:8080 - registration status: 204
2024-05-23 09:45:38 [SpringApplicationShutdownHook] INFO  : Shutting down DiscoveryClient ...
2024-05-23 09:45:41 [SpringApplicationShutdownHook] INFO  : Unregistering ...
2024-05-23 09:45:41 [SpringApplicationShutdownHook] INFO  : Request execution error. endpoint=DefaultEndpoint{ serviceUrl='http://localhost:8761/eureka/} exception=I/O error on DELETE request for "http://localhost:8761/eureka/apps/ACCOUNTSSERVICE/192.168.0.11:accountsService:8080": Connect to localhost:8761 [localhost/127.0.0.1, localhost/0:0:0:0:0:0:0:1] failed: Connection refused: connect; nested exception is org.apache.http.conn.HttpHostConnectException: Connect to localhost:8761 [localhost/127.0.0.1, localhost/0:0:0:0:0:0:0:1] failed: Connection refused: connect stacktrace=org.springframework.web.client.ResourceAccessException: I/O error on DELETE request for "http://localhost:8761/eureka/apps/ACCOUNTSSERVICE/192.168.0.11:accountsService:8080": Connect to localhost:8761 [localhost/127.0.0.1, localhost/0:0:0:0:0:0:0:1] failed: Connection refused: connect; nested exception is org.apache.http.conn.HttpHostConnectException: Connect to localhost:8761 [localhost/127.0.0.1, localhost/0:0:0:0:0:0:0:1] failed: Connection refused: connect
	at org.springframework.web.client.RestTemplate.doExecute(RestTemplate.java:791)
	at org.springframework.web.client.RestTemplate.execute(RestTemplate.java:717)
	at org.springframework.web.client.RestTemplate.exchange(RestTemplate.java:608)
	at org.springframework.cloud.netflix.eureka.http.RestTemplateEurekaHttpClient.cancel(RestTemplateEurekaHttpClient.java:87)
	at com.netflix.discovery.shared.transport.decorator.EurekaHttpClientDecorator$2.execute(EurekaHttpClientDecorator.java:74)
	at com.netflix.discovery.shared.transport.decorator.RedirectingEurekaHttpClient.execute(RedirectingEurekaHttpClient.java:91)
	at com.netflix.discovery.shared.transport.decorator.EurekaHttpClientDecorator.cancel(EurekaHttpClientDecorator.java:71)
	at com.netflix.discovery.shared.transport.decorator.EurekaHttpClientDecorator$2.execute(EurekaHttpClientDecorator.java:74)
	at com.netflix.discovery.shared.transport.decorator.RetryableEurekaHttpClient.execute(RetryableEurekaHttpClient.java:120)
	at com.netflix.discovery.shared.transport.decorator.EurekaHttpClientDecorator.cancel(EurekaHttpClientDecorator.java:71)
	at com.netflix.discovery.shared.transport.decorator.EurekaHttpClientDecorator$2.execute(EurekaHttpClientDecorator.java:74)
	at com.netflix.discovery.shared.transport.decorator.SessionedEurekaHttpClient.execute(SessionedEurekaHttpClient.java:77)
	at com.netflix.discovery.shared.transport.decorator.EurekaHttpClientDecorator.cancel(EurekaHttpClientDecorator.java:71)
	at com.netflix.discovery.DiscoveryClient.unregister(DiscoveryClient.java:972)
	at com.netflix.discovery.DiscoveryClient.shutdown(DiscoveryClient.java:948)
	at java.base/jdk.internal.reflect.DirectMethodHandleAccessor.invoke(DirectMethodHandleAccessor.java:104)
	at java.base/java.lang.reflect.Method.invoke(Method.java:578)
	at org.springframework.beans.factory.annotation.InitDestroyAnnotationBeanPostProcessor$LifecycleElement.invoke(InitDestroyAnnotationBeanPostProcessor.java:389)
	at org.springframework.beans.factory.annotation.InitDestroyAnnotationBeanPostProcessor$LifecycleMetadata.invokeDestroyMethods(InitDestroyAnnotationBeanPostProcessor.java:347)
	at org.springframework.beans.factory.annotation.InitDestroyAnnotationBeanPostProcessor.postProcessBeforeDestruction(InitDestroyAnnotationBeanPostProcessor.java:177)
	at org.springframework.beans.factory.support.DisposableBeanAdapter.destroy(DisposableBeanAdapter.java:197)
	at org.springframework.beans.factory.support.DisposableBeanAdapter.run(DisposableBeanAdapter.java:190)
	at org.springframework.cloud.context.scope.GenericScope$BeanLifecycleWrapper.destroy(GenericScope.java:390)
	at org.springframework.cloud.context.scope.GenericScope.destroy(GenericScope.java:136)
	at org.springframework.beans.factory.support.DisposableBeanAdapter.destroy(DisposableBeanAdapter.java:213)
	at org.springframework.beans.factory.support.DefaultSingletonBeanRegistry.destroyBean(DefaultSingletonBeanRegistry.java:587)
	at org.springframework.beans.factory.support.DefaultSingletonBeanRegistry.destroySingleton(DefaultSingletonBeanRegistry.java:559)
	at org.springframework.beans.factory.support.DefaultListableBeanFactory.destroySingleton(DefaultListableBeanFactory.java:1163)
	at org.springframework.beans.factory.support.DefaultSingletonBeanRegistry.destroySingletons(DefaultSingletonBeanRegistry.java:520)
	at org.springframework.beans.factory.support.DefaultListableBeanFactory.destroySingletons(DefaultListableBeanFactory.java:1156)
	at org.springframework.context.support.AbstractApplicationContext.destroyBeans(AbstractApplicationContext.java:1120)
	at org.springframework.context.support.AbstractApplicationContext.doClose(AbstractApplicationContext.java:1086)
	at org.springframework.boot.web.reactive.context.ReactiveWebServerApplicationContext.doClose(ReactiveWebServerApplicationContext.java:149)
	at org.springframework.context.support.AbstractApplicationContext.close(AbstractApplicationContext.java:1032)
	at org.springframework.boot.SpringApplicationShutdownHook.closeAndWait(SpringApplicationShutdownHook.java:145)
	at java.base/java.lang.Iterable.forEach(Iterable.java:75)
	at org.springframework.boot.SpringApplicationShutdownHook.run(SpringApplicationShutdownHook.java:114)
	at java.base/java.lang.Thread.run(Thread.java:1589)
Caused by: org.apache.http.conn.HttpHostConnectException: Connect to localhost:8761 [localhost/127.0.0.1, localhost/0:0:0:0:0:0:0:1] failed: Connection refused: connect
	at org.apache.http.impl.conn.DefaultHttpClientConnectionOperator.connect(DefaultHttpClientConnectionOperator.java:156)
	at org.apache.http.impl.conn.PoolingHttpClientConnectionManager.connect(PoolingHttpClientConnectionManager.java:376)
	at org.apache.http.impl.execchain.MainClientExec.establishRoute(MainClientExec.java:393)
	at org.apache.http.impl.execchain.MainClientExec.execute(MainClientExec.java:236)
	at org.apache.http.impl.execchain.ProtocolExec.execute(ProtocolExec.java:186)
	at org.apache.http.impl.execchain.RetryExec.execute(RetryExec.java:89)
	at org.apache.http.impl.execchain.RedirectExec.execute(RedirectExec.java:110)
	at org.apache.http.impl.client.InternalHttpClient.doExecute(InternalHttpClient.java:185)
	at org.apache.http.impl.client.CloseableHttpClient.execute(CloseableHttpClient.java:83)
	at org.apache.http.impl.client.CloseableHttpClient.execute(CloseableHttpClient.java:56)
	at org.springframework.http.client.HttpComponentsClientHttpRequest.executeInternal(HttpComponentsClientHttpRequest.java:87)
	at org.springframework.http.client.AbstractBufferingClientHttpRequest.executeInternal(AbstractBufferingClientHttpRequest.java:48)
	at org.springframework.http.client.AbstractClientHttpRequest.execute(AbstractClientHttpRequest.java:66)
	at org.springframework.web.client.RestTemplate.doExecute(RestTemplate.java:782)
	... 37 more
Caused by: java.net.ConnectException: Connection refused: connect
	at java.base/sun.nio.ch.Net.connect0(Native Method)
	at java.base/sun.nio.ch.Net.connect(Net.java:579)
	at java.base/sun.nio.ch.Net.connect(Net.java:568)
	at java.base/sun.nio.ch.NioSocketImpl.connect(NioSocketImpl.java:576)
	at java.base/java.net.SocksSocketImpl.connect(SocksSocketImpl.java:327)
	at java.base/java.net.Socket.connect(Socket.java:666)
	at org.apache.http.conn.socket.PlainConnectionSocketFactory.connectSocket(PlainConnectionSocketFactory.java:75)
	at org.apache.http.impl.conn.DefaultHttpClientConnectionOperator.connect(DefaultHttpClientConnectionOperator.java:142)
	... 50 more

2024-05-23 09:45:41 [SpringApplicationShutdownHook] WARN  : Request execution failed with message: I/O error on DELETE request for "http://localhost:8761/eureka/apps/ACCOUNTSSERVICE/192.168.0.11:accountsService:8080": Connect to localhost:8761 [localhost/127.0.0.1, localhost/0:0:0:0:0:0:0:1] failed: Connection refused: connect; nested exception is org.apache.http.conn.HttpHostConnectException: Connect to localhost:8761 [localhost/127.0.0.1, localhost/0:0:0:0:0:0:0:1] failed: Connection refused: connect
2024-05-23 09:45:41 [SpringApplicationShutdownHook] INFO  : Request execution error. endpoint=DefaultEndpoint{ serviceUrl='http://localhost:8761/eureka/}, exception=I/O error on DELETE request for "http://localhost:8761/eureka/apps/ACCOUNTSSERVICE/192.168.0.11:accountsService:8080": Connect to localhost:8761 [localhost/127.0.0.1, localhost/0:0:0:0:0:0:0:1] failed: Connection refused: connect; nested exception is org.apache.http.conn.HttpHostConnectException: Connect to localhost:8761 [localhost/127.0.0.1, localhost/0:0:0:0:0:0:0:1] failed: Connection refused: connect stacktrace=org.springframework.web.client.ResourceAccessException: I/O error on DELETE request for "http://localhost:8761/eureka/apps/ACCOUNTSSERVICE/192.168.0.11:accountsService:8080": Connect to localhost:8761 [localhost/127.0.0.1, localhost/0:0:0:0:0:0:0:1] failed: Connection refused: connect; nested exception is org.apache.http.conn.HttpHostConnectException: Connect to localhost:8761 [localhost/127.0.0.1, localhost/0:0:0:0:0:0:0:1] failed: Connection refused: connect
	at org.springframework.web.client.RestTemplate.doExecute(RestTemplate.java:791)
	at org.springframework.web.client.RestTemplate.execute(RestTemplate.java:717)
	at org.springframework.web.client.RestTemplate.exchange(RestTemplate.java:608)
	at org.springframework.cloud.netflix.eureka.http.RestTemplateEurekaHttpClient.cancel(RestTemplateEurekaHttpClient.java:87)
	at com.netflix.discovery.shared.transport.decorator.EurekaHttpClientDecorator$2.execute(EurekaHttpClientDecorator.java:74)
	at com.netflix.discovery.shared.transport.decorator.RedirectingEurekaHttpClient.executeOnNewServer(RedirectingEurekaHttpClient.java:121)
	at com.netflix.discovery.shared.transport.decorator.RedirectingEurekaHttpClient.execute(RedirectingEurekaHttpClient.java:80)
	at com.netflix.discovery.shared.transport.decorator.EurekaHttpClientDecorator.cancel(EurekaHttpClientDecorator.java:71)
	at com.netflix.discovery.shared.transport.decorator.EurekaHttpClientDecorator$2.execute(EurekaHttpClientDecorator.java:74)
	at com.netflix.discovery.shared.transport.decorator.RetryableEurekaHttpClient.execute(RetryableEurekaHttpClient.java:120)
	at com.netflix.discovery.shared.transport.decorator.EurekaHttpClientDecorator.cancel(EurekaHttpClientDecorator.java:71)
	at com.netflix.discovery.shared.transport.decorator.EurekaHttpClientDecorator$2.execute(EurekaHttpClientDecorator.java:74)
	at com.netflix.discovery.shared.transport.decorator.SessionedEurekaHttpClient.execute(SessionedEurekaHttpClient.java:77)
	at com.netflix.discovery.shared.transport.decorator.EurekaHttpClientDecorator.cancel(EurekaHttpClientDecorator.java:71)
	at com.netflix.discovery.DiscoveryClient.unregister(DiscoveryClient.java:972)
	at com.netflix.discovery.DiscoveryClient.shutdown(DiscoveryClient.java:948)
	at java.base/jdk.internal.reflect.DirectMethodHandleAccessor.invoke(DirectMethodHandleAccessor.java:104)
	at java.base/java.lang.reflect.Method.invoke(Method.java:578)
	at org.springframework.beans.factory.annotation.InitDestroyAnnotationBeanPostProcessor$LifecycleElement.invoke(InitDestroyAnnotationBeanPostProcessor.java:389)
	at org.springframework.beans.factory.annotation.InitDestroyAnnotationBeanPostProcessor$LifecycleMetadata.invokeDestroyMethods(InitDestroyAnnotationBeanPostProcessor.java:347)
	at org.springframework.beans.factory.annotation.InitDestroyAnnotationBeanPostProcessor.postProcessBeforeDestruction(InitDestroyAnnotationBeanPostProcessor.java:177)
	at org.springframework.beans.factory.support.DisposableBeanAdapter.destroy(DisposableBeanAdapter.java:197)
	at org.springframework.beans.factory.support.DisposableBeanAdapter.run(DisposableBeanAdapter.java:190)
	at org.springframework.cloud.context.scope.GenericScope$BeanLifecycleWrapper.destroy(GenericScope.java:390)
	at org.springframework.cloud.context.scope.GenericScope.destroy(GenericScope.java:136)
	at org.springframework.beans.factory.support.DisposableBeanAdapter.destroy(DisposableBeanAdapter.java:213)
	at org.springframework.beans.factory.support.DefaultSingletonBeanRegistry.destroyBean(DefaultSingletonBeanRegistry.java:587)
	at org.springframework.beans.factory.support.DefaultSingletonBeanRegistry.destroySingleton(DefaultSingletonBeanRegistry.java:559)
	at org.springframework.beans.factory.support.DefaultListableBeanFactory.destroySingleton(DefaultListableBeanFactory.java:1163)
	at org.springframework.beans.factory.support.DefaultSingletonBeanRegistry.destroySingletons(DefaultSingletonBeanRegistry.java:520)
	at org.springframework.beans.factory.support.DefaultListableBeanFactory.destroySingletons(DefaultListableBeanFactory.java:1156)
	at org.springframework.context.support.AbstractApplicationContext.destroyBeans(AbstractApplicationContext.java:1120)
	at org.springframework.context.support.AbstractApplicationContext.doClose(AbstractApplicationContext.java:1086)
	at org.springframework.boot.web.reactive.context.ReactiveWebServerApplicationContext.doClose(ReactiveWebServerApplicationContext.java:149)
	at org.springframework.context.support.AbstractApplicationContext.close(AbstractApplicationContext.java:1032)
	at org.springframework.boot.SpringApplicationShutdownHook.closeAndWait(SpringApplicationShutdownHook.java:145)
	at java.base/java.lang.Iterable.forEach(Iterable.java:75)
	at org.springframework.boot.SpringApplicationShutdownHook.run(SpringApplicationShutdownHook.java:114)
	at java.base/java.lang.Thread.run(Thread.java:1589)
Caused by: org.apache.http.conn.HttpHostConnectException: Connect to localhost:8761 [localhost/127.0.0.1, localhost/0:0:0:0:0:0:0:1] failed: Connection refused: connect
	at org.apache.http.impl.conn.DefaultHttpClientConnectionOperator.connect(DefaultHttpClientConnectionOperator.java:156)
	at org.apache.http.impl.conn.PoolingHttpClientConnectionManager.connect(PoolingHttpClientConnectionManager.java:376)
	at org.apache.http.impl.execchain.MainClientExec.establishRoute(MainClientExec.java:393)
	at org.apache.http.impl.execchain.MainClientExec.execute(MainClientExec.java:236)
	at org.apache.http.impl.execchain.ProtocolExec.execute(ProtocolExec.java:186)
	at org.apache.http.impl.execchain.RetryExec.execute(RetryExec.java:89)
	at org.apache.http.impl.execchain.RedirectExec.execute(RedirectExec.java:110)
	at org.apache.http.impl.client.InternalHttpClient.doExecute(InternalHttpClient.java:185)
	at org.apache.http.impl.client.CloseableHttpClient.execute(CloseableHttpClient.java:83)
	at org.apache.http.impl.client.CloseableHttpClient.execute(CloseableHttpClient.java:56)
	at org.springframework.http.client.HttpComponentsClientHttpRequest.executeInternal(HttpComponentsClientHttpRequest.java:87)
	at org.springframework.http.client.AbstractBufferingClientHttpRequest.executeInternal(AbstractBufferingClientHttpRequest.java:48)
	at org.springframework.http.client.AbstractClientHttpRequest.execute(AbstractClientHttpRequest.java:66)
	at org.springframework.web.client.RestTemplate.doExecute(RestTemplate.java:782)
	... 38 more
Caused by: java.net.ConnectException: Connection refused: connect
	at java.base/sun.nio.ch.Net.connect0(Native Method)
	at java.base/sun.nio.ch.Net.connect(Net.java:579)
	at java.base/sun.nio.ch.Net.connect(Net.java:568)
	at java.base/sun.nio.ch.NioSocketImpl.connect(NioSocketImpl.java:576)
	at java.base/java.net.SocksSocketImpl.connect(SocksSocketImpl.java:327)
	at java.base/java.net.Socket.connect(Socket.java:666)
	at org.apache.http.conn.socket.PlainConnectionSocketFactory.connectSocket(PlainConnectionSocketFactory.java:75)
	at org.apache.http.impl.conn.DefaultHttpClientConnectionOperator.connect(DefaultHttpClientConnectionOperator.java:142)
	... 51 more

2024-05-23 09:45:41 [SpringApplicationShutdownHook] WARN  : Request execution failed with message: I/O error on DELETE request for "http://localhost:8761/eureka/apps/ACCOUNTSSERVICE/192.168.0.11:accountsService:8080": Connect to localhost:8761 [localhost/127.0.0.1, localhost/0:0:0:0:0:0:0:1] failed: Connection refused: connect; nested exception is org.apache.http.conn.HttpHostConnectException: Connect to localhost:8761 [localhost/127.0.0.1, localhost/0:0:0:0:0:0:0:1] failed: Connection refused: connect
2024-05-23 09:45:41 [SpringApplicationShutdownHook] ERROR : DiscoveryClient_ACCOUNTSSERVICE/192.168.0.11:accountsService:8080 - de-registration failedCannot execute request on any known server
com.netflix.discovery.shared.transport.TransportException: Cannot execute request on any known server
	at com.netflix.discovery.shared.transport.decorator.RetryableEurekaHttpClient.execute(RetryableEurekaHttpClient.java:112)
	at com.netflix.discovery.shared.transport.decorator.EurekaHttpClientDecorator.cancel(EurekaHttpClientDecorator.java:71)
	at com.netflix.discovery.shared.transport.decorator.EurekaHttpClientDecorator$2.execute(EurekaHttpClientDecorator.java:74)
	at com.netflix.discovery.shared.transport.decorator.SessionedEurekaHttpClient.execute(SessionedEurekaHttpClient.java:77)
	at com.netflix.discovery.shared.transport.decorator.EurekaHttpClientDecorator.cancel(EurekaHttpClientDecorator.java:71)
	at com.netflix.discovery.DiscoveryClient.unregister(DiscoveryClient.java:972)
	at com.netflix.discovery.DiscoveryClient.shutdown(DiscoveryClient.java:948)
	at java.base/jdk.internal.reflect.DirectMethodHandleAccessor.invoke(DirectMethodHandleAccessor.java:104)
	at java.base/java.lang.reflect.Method.invoke(Method.java:578)
	at org.springframework.beans.factory.annotation.InitDestroyAnnotationBeanPostProcessor$LifecycleElement.invoke(InitDestroyAnnotationBeanPostProcessor.java:389)
	at org.springframework.beans.factory.annotation.InitDestroyAnnotationBeanPostProcessor$LifecycleMetadata.invokeDestroyMethods(InitDestroyAnnotationBeanPostProcessor.java:347)
	at org.springframework.beans.factory.annotation.InitDestroyAnnotationBeanPostProcessor.postProcessBeforeDestruction(InitDestroyAnnotationBeanPostProcessor.java:177)
	at org.springframework.beans.factory.support.DisposableBeanAdapter.destroy(DisposableBeanAdapter.java:197)
	at org.springframework.beans.factory.support.DisposableBeanAdapter.run(DisposableBeanAdapter.java:190)
	at org.springframework.cloud.context.scope.GenericScope$BeanLifecycleWrapper.destroy(GenericScope.java:390)
	at org.springframework.cloud.context.scope.GenericScope.destroy(GenericScope.java:136)
	at org.springframework.beans.factory.support.DisposableBeanAdapter.destroy(DisposableBeanAdapter.java:213)
	at org.springframework.beans.factory.support.DefaultSingletonBeanRegistry.destroyBean(DefaultSingletonBeanRegistry.java:587)
	at org.springframework.beans.factory.support.DefaultSingletonBeanRegistry.destroySingleton(DefaultSingletonBeanRegistry.java:559)
	at org.springframework.beans.factory.support.DefaultListableBeanFactory.destroySingleton(DefaultListableBeanFactory.java:1163)
	at org.springframework.beans.factory.support.DefaultSingletonBeanRegistry.destroySingletons(DefaultSingletonBeanRegistry.java:520)
	at org.springframework.beans.factory.support.DefaultListableBeanFactory.destroySingletons(DefaultListableBeanFactory.java:1156)
	at org.springframework.context.support.AbstractApplicationContext.destroyBeans(AbstractApplicationContext.java:1120)
	at org.springframework.context.support.AbstractApplicationContext.doClose(AbstractApplicationContext.java:1086)
	at org.springframework.boot.web.reactive.context.ReactiveWebServerApplicationContext.doClose(ReactiveWebServerApplicationContext.java:149)
	at org.springframework.context.support.AbstractApplicationContext.close(AbstractApplicationContext.java:1032)
	at org.springframework.boot.SpringApplicationShutdownHook.closeAndWait(SpringApplicationShutdownHook.java:145)
	at java.base/java.lang.Iterable.forEach(Iterable.java:75)
	at org.springframework.boot.SpringApplicationShutdownHook.run(SpringApplicationShutdownHook.java:114)
	at java.base/java.lang.Thread.run(Thread.java:1589)
2024-05-23 09:45:41 [SpringApplicationShutdownHook] INFO  : Completed shut down of DiscoveryClient
2024-05-23 17:24:09 [restartedMain] INFO  : Starting FinalProjectApplication using Java 19.0.2 on valnaevis with PID 18796 (C:\Users\sammi\Documents\NTT GRUPAL\NTTBank\FinalProducts\target\classes started by sammi in C:\Users\sammi\Documents\NTT GRUPAL\NTTBank)
2024-05-23 17:24:09 [restartedMain] INFO  : No active profile set, falling back to 1 default profile: "default"
2024-05-23 17:24:09 [restartedMain] INFO  : Devtools property defaults active! Set 'spring.devtools.add-properties' to 'false' to disable
2024-05-23 17:24:09 [restartedMain] INFO  : For additional web related logging consider setting the 'logging.level.web' property to 'DEBUG'
2024-05-23 17:24:09 [restartedMain] INFO  : Bootstrapping Spring Data Reactive MongoDB repositories in DEFAULT mode.
2024-05-23 17:24:10 [restartedMain] INFO  : Finished Spring Data repository scanning in 119 ms. Found 3 Reactive MongoDB repository interfaces.
2024-05-23 17:24:10 [restartedMain] INFO  : BeanFactory id=6545e6b4-257b-3bac-85b4-8eb8915c1e36
2024-05-23 17:24:10 [restartedMain] INFO  : Bean 'org.springframework.cloud.client.loadbalancer.reactive.LoadBalancerBeanPostProcessorAutoConfiguration' of type [org.springframework.cloud.client.loadbalancer.reactive.LoadBalancerBeanPostProcessorAutoConfiguration] is not eligible for getting processed by all BeanPostProcessors (for example: not eligible for auto-proxying)
2024-05-23 17:24:10 [restartedMain] INFO  : Bean 'org.springframework.cloud.client.loadbalancer.reactive.LoadBalancerBeanPostProcessorAutoConfiguration$ReactorDeferringLoadBalancerFilterConfig' of type [org.springframework.cloud.client.loadbalancer.reactive.LoadBalancerBeanPostProcessorAutoConfiguration$ReactorDeferringLoadBalancerFilterConfig] is not eligible for getting processed by all BeanPostProcessors (for example: not eligible for auto-proxying)
2024-05-23 17:24:10 [restartedMain] INFO  : Bean 'reactorDeferringLoadBalancerExchangeFilterFunction' of type [org.springframework.cloud.client.loadbalancer.reactive.DeferringLoadBalancerExchangeFilterFunction] is not eligible for getting processed by all BeanPostProcessors (for example: not eligible for auto-proxying)
2024-05-23 17:24:10 [restartedMain] INFO  : MongoClient with metadata {"driver": {"name": "mongo-java-driver|reactive-streams|spring-boot", "version": "4.6.1"}, "os": {"type": "Windows", "name": "Windows 11", "architecture": "amd64", "version": "10.0"}, "platform": "Java/Amazon.com Inc./19.0.2+7-FR"} created with settings MongoClientSettings{readPreference=primary, writeConcern=WriteConcern{w=null, wTimeout=null ms, journal=null}, retryWrites=true, retryReads=true, readConcern=ReadConcern{level=null}, credential=null, streamFactoryFactory=NettyStreamFactoryFactory{eventLoopGroup=io.netty.channel.nio.NioEventLoopGroup@3b651434, socketChannelClass=class io.netty.channel.socket.nio.NioSocketChannel, allocator=PooledByteBufAllocator(directByDefault: true), sslContext=null}, commandListeners=[], codecRegistry=ProvidersCodecRegistry{codecProviders=[ValueCodecProvider{}, BsonValueCodecProvider{}, DBRefCodecProvider{}, DBObjectCodecProvider{}, DocumentCodecProvider{}, IterableCodecProvider{}, MapCodecProvider{}, GeoJsonCodecProvider{}, GridFSFileCodecProvider{}, Jsr310CodecProvider{}, JsonObjectCodecProvider{}, BsonCodecProvider{}, EnumCodecProvider{}, com.mongodb.Jep395RecordCodecProvider@6be3b33e]}, clusterSettings={hosts=[localhost:27017], srvServiceName=mongodb, mode=SINGLE, requiredClusterType=UNKNOWN, requiredReplicaSetName='null', serverSelector='null', clusterListeners='[]', serverSelectionTimeout='30000 ms', localThreshold='30000 ms'}, socketSettings=SocketSettings{connectTimeoutMS=10000, readTimeoutMS=0, receiveBufferSize=0, sendBufferSize=0}, heartbeatSocketSettings=SocketSettings{connectTimeoutMS=10000, readTimeoutMS=10000, receiveBufferSize=0, sendBufferSize=0}, connectionPoolSettings=ConnectionPoolSettings{maxSize=100, minSize=0, maxWaitTimeMS=120000, maxConnectionLifeTimeMS=0, maxConnectionIdleTimeMS=0, maintenanceInitialDelayMS=0, maintenanceFrequencyMS=60000, connectionPoolListeners=[], maxConnecting=2}, serverSettings=ServerSettings{heartbeatFrequencyMS=10000, minHeartbeatFrequencyMS=500, serverListeners='[]', serverMonitorListeners='[]'}, sslSettings=SslSettings{enabled=false, invalidHostNameAllowed=false, context=null}, applicationName='null', compressorList=[], uuidRepresentation=JAVA_LEGACY, serverApi=null, autoEncryptionSettings=null, contextProvider=null}
2024-05-23 17:24:11 [restartedMain] WARN  : Registering converter from class java.time.LocalDateTime to class org.joda.time.LocalDateTime as reading converter although it doesn't convert from a store-supported type; You might want to check your annotation setup at the converter implementation
2024-05-23 17:24:11 [cluster-rtt-ClusterId{value='664fc20a0c0f2f11ab520f76', description='null'}-localhost:27017] INFO  : Opened connection [connectionId{localValue:2, serverValue:5}] to localhost:27017
2024-05-23 17:24:11 [cluster-ClusterId{value='664fc20a0c0f2f11ab520f76', description='null'}-localhost:27017] INFO  : Opened connection [connectionId{localValue:1, serverValue:4}] to localhost:27017
2024-05-23 17:24:11 [cluster-ClusterId{value='664fc20a0c0f2f11ab520f76', description='null'}-localhost:27017] INFO  : Monitor thread successfully connected to server with description ServerDescription{address=localhost:27017, type=STANDALONE, state=CONNECTED, ok=true, minWireVersion=0, maxWireVersion=21, maxDocumentSize=16777216, logicalSessionTimeoutMinutes=30, roundTripTimeNanos=55369000}
2024-05-23 17:24:11 [restartedMain] WARN  : Unable to start LiveReload server
2024-05-23 17:24:11 [restartedMain] WARN  : Registering converter from class java.time.LocalDateTime to class org.joda.time.LocalDateTime as reading converter although it doesn't convert from a store-supported type; You might want to check your annotation setup at the converter implementation
2024-05-23 17:24:12 [restartedMain] INFO  : Eureka HTTP Client uses RestTemplate.
2024-05-23 17:24:12 [restartedMain] WARN  : Spring Cloud LoadBalancer is currently working with the default cache. While this cache implementation is useful for development and tests, it's recommended to use Caffeine cache in production.You can switch to using Caffeine cache, by adding it and org.springframework.cache.caffeine.CaffeineCacheManager to the classpath.
2024-05-23 17:24:12 [restartedMain] INFO  : Setting initial instance status as: STARTING
2024-05-23 17:24:12 [restartedMain] INFO  : Initializing Eureka in region us-east-1
2024-05-23 17:24:12 [restartedMain] INFO  : Resolving eureka endpoints via configuration
2024-05-23 17:24:12 [restartedMain] INFO  : Disable delta property : false
2024-05-23 17:24:12 [restartedMain] INFO  : Single vip registry refresh property : null
2024-05-23 17:24:12 [restartedMain] INFO  : Force full registry fetch : false
2024-05-23 17:24:12 [restartedMain] INFO  : Application is null : false
2024-05-23 17:24:12 [restartedMain] INFO  : Registered Applications size is zero : true
2024-05-23 17:24:12 [restartedMain] INFO  : Application version is -1: true
2024-05-23 17:24:12 [restartedMain] INFO  : Getting all instance registry info from the eureka server
2024-05-23 17:24:12 [restartedMain] INFO  : The response status is 200
2024-05-23 17:24:12 [restartedMain] INFO  : Starting heartbeat executor: renew interval is: 30
2024-05-23 17:24:12 [restartedMain] INFO  : InstanceInfoReplicator onDemand update allowed rate per min is 4
2024-05-23 17:24:12 [restartedMain] INFO  : Discovery Client initialized at timestamp 1716503052973 with initial instances count: 0
2024-05-23 17:24:12 [restartedMain] INFO  : Registering application ACCOUNTSSERVICE with eureka with status UP
2024-05-23 17:24:12 [restartedMain] INFO  : Saw local status change event StatusChangeEvent [timestamp=1716503052975, current=UP, previous=STARTING]
2024-05-23 17:24:12 [DiscoveryClient-InstanceInfoReplicator-0] INFO  : DiscoveryClient_ACCOUNTSSERVICE/192.168.0.11:accountsService:8080: registering service...
2024-05-23 17:24:13 [DiscoveryClient-InstanceInfoReplicator-0] INFO  : DiscoveryClient_ACCOUNTSSERVICE/192.168.0.11:accountsService:8080 - registration status: 204
2024-05-23 17:24:13 [restartedMain] INFO  : Netty started on port 8080
2024-05-23 17:24:13 [restartedMain] INFO  : Updating port to 8080
2024-05-23 17:24:13 [restartedMain] INFO  : Started FinalProjectApplication in 4.789 seconds (JVM running for 6.536)
2024-05-23 17:24:42 [DiscoveryClient-CacheRefreshExecutor-0] INFO  : Disable delta property : false
2024-05-23 17:24:42 [DiscoveryClient-CacheRefreshExecutor-0] INFO  : Single vip registry refresh property : null
2024-05-23 17:24:42 [DiscoveryClient-CacheRefreshExecutor-0] INFO  : Force full registry fetch : false
2024-05-23 17:24:42 [DiscoveryClient-CacheRefreshExecutor-0] INFO  : Application is null : false
2024-05-23 17:24:42 [DiscoveryClient-CacheRefreshExecutor-0] INFO  : Registered Applications size is zero : true
2024-05-23 17:24:42 [DiscoveryClient-CacheRefreshExecutor-0] INFO  : Application version is -1: false
2024-05-23 17:24:42 [DiscoveryClient-CacheRefreshExecutor-0] INFO  : Getting all instance registry info from the eureka server
2024-05-23 17:24:42 [DiscoveryClient-CacheRefreshExecutor-0] INFO  : The response status is 200
2024-05-23 17:27:39 [reactor-http-nio-2] INFO  : Retrieving the account -> 6587805701869778
2024-05-23 17:27:39 [nioEventLoopGroup-3-4] INFO  : Opened connection [connectionId{localValue:4, serverValue:12}] to localhost:27017
2024-05-23 17:27:39 [nioEventLoopGroup-3-3] INFO  : Opened connection [connectionId{localValue:3, serverValue:11}] to localhost:27017
2024-05-23 17:27:39 [nioEventLoopGroup-3-5] INFO  : Opened connection [connectionId{localValue:5, serverValue:13}] to localhost:27017
2024-05-23 17:27:45 [reactor-http-nio-2] INFO  : Retrieving the account -> 6587805701869778
2024-05-23 17:28:52 [reactor-http-nio-2] INFO  : Retrieving the account -> 0482147709792802
2024-05-23 17:28:52 [reactor-http-nio-3] INFO  : Retrieving the account -> 0482147709792802
2024-05-23 17:28:52 [nioEventLoopGroup-3-3] INFO  : Assigning adapter to the incoming account
2024-05-23 17:28:52 [nioEventLoopGroup-3-3] INFO  : Account -> 0482147709792802 has been updated
2024-05-23 17:29:12 [AsyncResolver-bootstrap-executor-0] INFO  : Resolving eureka endpoints via configuration
2024-05-23 17:30:30 [reactor-http-nio-2] INFO  : Retrieving the account -> 6682172751995169
2024-05-23 17:31:22 [reactor-http-nio-3] INFO  : Retrieving the account -> 6682172751995169
2024-05-23 17:31:22 [reactor-http-nio-2] INFO  : Retrieving the account -> 6682172751995169
2024-05-23 17:31:22 [nioEventLoopGroup-3-5] INFO  : Assigning adapter to the incoming account
2024-05-23 17:31:22 [nioEventLoopGroup-3-5] INFO  : Account -> 6682172751995169 has been updated
2024-05-23 17:31:22 [nioEventLoopGroup-3-4] ERROR : Operator called default onErrorDropped
reactor.core.Exceptions$ErrorCallbackNotImplemented: com.mongodb.MongoException: next() called after the cursor was closed.
Caused by: com.mongodb.MongoException: next() called after the cursor was closed.
	at com.mongodb.internal.operation.AsyncQueryBatchCursor.next(AsyncQueryBatchCursor.java:166)
	at com.mongodb.reactivestreams.client.internal.BatchCursor.lambda$next$0(BatchCursor.java:35)
	at reactor.core.publisher.MonoCreate.subscribe(MonoCreate.java:58)
	at reactor.core.publisher.Mono.subscribe(Mono.java:4490)
	at reactor.core.publisher.Mono.subscribeWith(Mono.java:4605)
	at reactor.core.publisher.Mono.subscribe(Mono.java:4318)
	at com.mongodb.reactivestreams.client.internal.BatchCursorFlux.recurseCursor(BatchCursorFlux.java:104)
	at com.mongodb.reactivestreams.client.internal.BatchCursorFlux.lambda$subscribe$0(BatchCursorFlux.java:56)
	at reactor.core.publisher.LambdaMonoSubscriber.onNext(LambdaMonoSubscriber.java:171)
	at reactor.core.publisher.FluxMap$MapSubscriber.onNext(FluxMap.java:122)
	at reactor.core.publisher.MonoNext$NextSubscriber.onNext(MonoNext.java:82)
	at reactor.core.publisher.MonoNext$NextSubscriber.onNext(MonoNext.java:82)
	at reactor.core.publisher.Operators$MonoSubscriber.complete(Operators.java:1839)
	at reactor.core.publisher.MonoFlatMap$FlatMapInner.onNext(MonoFlatMap.java:249)
	at reactor.core.publisher.MonoPeekTerminal$MonoTerminalPeekSubscriber.onNext(MonoPeekTerminal.java:180)
	at reactor.core.publisher.MonoCreate$DefaultMonoSink.success(MonoCreate.java:172)
	at com.mongodb.reactivestreams.client.internal.MongoOperationPublisher.lambda$sinkToCallback$30(MongoOperationPublisher.java:549)
	at com.mongodb.reactivestreams.client.internal.OperationExecutorImpl.lambda$execute$2(OperationExecutorImpl.java:92)
	at com.mongodb.internal.async.ErrorHandlingResultCallback.onResult(ErrorHandlingResultCallback.java:48)
	at com.mongodb.internal.async.function.AsyncCallbackSupplier.lambda$whenComplete$1(AsyncCallbackSupplier.java:95)
	at com.mongodb.internal.async.function.RetryingAsyncCallbackSupplier$RetryingCallback.onResult(RetryingAsyncCallbackSupplier.java:114)
	at com.mongodb.internal.async.ErrorHandlingResultCallback.onResult(ErrorHandlingResultCallback.java:48)
	at com.mongodb.internal.async.function.AsyncCallbackSupplier.lambda$whenComplete$1(AsyncCallbackSupplier.java:95)
	at com.mongodb.internal.async.ErrorHandlingResultCallback.onResult(ErrorHandlingResultCallback.java:48)
	at com.mongodb.internal.async.function.AsyncCallbackSupplier.lambda$whenComplete$1(AsyncCallbackSupplier.java:95)
	at com.mongodb.internal.operation.FindOperation$2.onResult(FindOperation.java:792)
	at com.mongodb.internal.operation.CommandOperationHelper.lambda$transformingReadCallback$10(CommandOperationHelper.java:331)
	at com.mongodb.internal.async.ErrorHandlingResultCallback.onResult(ErrorHandlingResultCallback.java:48)
	at com.mongodb.internal.connection.DefaultServer$DefaultServerProtocolExecutor$2.onResult(DefaultServer.java:276)
	at com.mongodb.internal.async.ErrorHandlingResultCallback.onResult(ErrorHandlingResultCallback.java:48)
	at com.mongodb.internal.connection.CommandProtocolImpl$1.onResult(CommandProtocolImpl.java:84)
	at com.mongodb.internal.connection.DefaultConnectionPool$PooledConnection$1.onResult(DefaultConnectionPool.java:684)
	at com.mongodb.internal.connection.UsageTrackingInternalConnection$2.onResult(UsageTrackingInternalConnection.java:159)
	at com.mongodb.internal.async.ErrorHandlingResultCallback.onResult(ErrorHandlingResultCallback.java:48)
	at com.mongodb.internal.connection.InternalStreamConnection$2$1.onResult(InternalStreamConnection.java:521)
	at com.mongodb.internal.connection.InternalStreamConnection$2$1.onResult(InternalStreamConnection.java:498)
	at com.mongodb.internal.connection.InternalStreamConnection$MessageHeaderCallback$MessageCallback.onResult(InternalStreamConnection.java:821)
	at com.mongodb.internal.connection.InternalStreamConnection$MessageHeaderCallback$MessageCallback.onResult(InternalStreamConnection.java:785)
	at com.mongodb.internal.connection.InternalStreamConnection$5.completed(InternalStreamConnection.java:645)
	at com.mongodb.internal.connection.InternalStreamConnection$5.completed(InternalStreamConnection.java:642)
	at com.mongodb.connection.netty.NettyStream.readAsync(NettyStream.java:319)
	at com.mongodb.connection.netty.NettyStream.readAsync(NettyStream.java:266)
	at com.mongodb.internal.connection.InternalStreamConnection.readAsync(InternalStreamConnection.java:642)
	at com.mongodb.internal.connection.InternalStreamConnection.access$600(InternalStreamConnection.java:86)
	at com.mongodb.internal.connection.InternalStreamConnection$MessageHeaderCallback.onResult(InternalStreamConnection.java:775)
	at com.mongodb.internal.connection.InternalStreamConnection$MessageHeaderCallback.onResult(InternalStreamConnection.java:760)
	at com.mongodb.internal.connection.InternalStreamConnection$5.completed(InternalStreamConnection.java:645)
	at com.mongodb.internal.connection.InternalStreamConnection$5.completed(InternalStreamConnection.java:642)
	at com.mongodb.connection.netty.NettyStream.readAsync(NettyStream.java:319)
	at com.mongodb.connection.netty.NettyStream.handleReadResponse(NettyStream.java:347)
	at com.mongodb.connection.netty.NettyStream.access$1100(NettyStream.java:105)
	at com.mongodb.connection.netty.NettyStream$InboundBufferHandler.channelRead0(NettyStream.java:421)
	at com.mongodb.connection.netty.NettyStream$InboundBufferHandler.channelRead0(NettyStream.java:418)
	at io.netty.channel.SimpleChannelInboundHandler.channelRead(SimpleChannelInboundHandler.java:99)
	at io.netty.channel.AbstractChannelHandlerContext.invokeChannelRead(AbstractChannelHandlerContext.java:444)
	at io.netty.channel.AbstractChannelHandlerContext.invokeChannelRead(AbstractChannelHandlerContext.java:420)
	at io.netty.channel.AbstractChannelHandlerContext.fireChannelRead(AbstractChannelHandlerContext.java:412)
	at io.netty.channel.DefaultChannelPipeline$HeadContext.channelRead(DefaultChannelPipeline.java:1410)
	at io.netty.channel.AbstractChannelHandlerContext.invokeChannelRead(AbstractChannelHandlerContext.java:440)
	at io.netty.channel.AbstractChannelHandlerContext.invokeChannelRead(AbstractChannelHandlerContext.java:420)
	at io.netty.channel.DefaultChannelPipeline.fireChannelRead(DefaultChannelPipeline.java:919)
	at io.netty.channel.nio.AbstractNioByteChannel$NioByteUnsafe.read(AbstractNioByteChannel.java:166)
	at io.netty.channel.nio.NioEventLoop.processSelectedKey(NioEventLoop.java:788)
	at io.netty.channel.nio.NioEventLoop.processSelectedKeysOptimized(NioEventLoop.java:724)
	at io.netty.channel.nio.NioEventLoop.processSelectedKeys(NioEventLoop.java:650)
	at io.netty.channel.nio.NioEventLoop.run(NioEventLoop.java:562)
	at io.netty.util.concurrent.SingleThreadEventExecutor$4.run(SingleThreadEventExecutor.java:997)
	at io.netty.util.internal.ThreadExecutorMap$2.run(ThreadExecutorMap.java:74)
	at io.netty.util.concurrent.FastThreadLocalRunnable.run(FastThreadLocalRunnable.java:30)
	at java.base/java.lang.Thread.run(Thread.java:1589)
2024-05-23 17:32:35 [reactor-http-nio-3] INFO  : Retrieving the account -> 2249070056169458
2024-05-23 17:32:57 [reactor-http-nio-2] INFO  : Retrieving the account -> 2249070056169458
2024-05-23 17:32:57 [reactor-http-nio-3] INFO  : Retrieving the account -> 2249070056169458
2024-05-23 17:32:57 [nioEventLoopGroup-3-5] INFO  : Assigning adapter to the incoming account
2024-05-23 17:32:57 [nioEventLoopGroup-3-5] INFO  : Account -> 2249070056169458 has been updated
2024-05-23 17:33:22 [reactor-http-nio-2] INFO  : Retrieving the account -> 2249070056169458
2024-05-23 17:34:10 [reactor-http-nio-3] INFO  : Retrieving the account -> 9249326023773768
2024-05-23 17:34:12 [AsyncResolver-bootstrap-executor-0] INFO  : Resolving eureka endpoints via configuration
2024-05-23 17:34:40 [reactor-http-nio-2] INFO  : Retrieving the account -> 9249326023773768
2024-05-23 17:34:40 [reactor-http-nio-3] INFO  : Retrieving the account -> 9249326023773768
2024-05-23 17:34:40 [nioEventLoopGroup-3-3] INFO  : Assigning adapter to the incoming account
2024-05-23 17:34:40 [nioEventLoopGroup-3-3] INFO  : Account -> null has been updated
2024-05-23 17:35:19 [reactor-http-nio-2] INFO  : Retrieving the account -> 9249326023773768
2024-05-23 17:35:19 [reactor-http-nio-3] INFO  : Retrieving the account -> 9249326023773768
2024-05-23 17:35:19 [nioEventLoopGroup-3-4] INFO  : Assigning adapter to the incoming account
2024-05-23 17:35:19 [nioEventLoopGroup-3-4] WARN  : The saving account validation has failed
2024-05-23 17:35:47 [reactor-http-nio-2] INFO  : Retrieving the account -> 9249326023773768
2024-05-23 17:39:12 [AsyncResolver-bootstrap-executor-0] INFO  : Resolving eureka endpoints via configuration
2024-05-23 17:44:12 [AsyncResolver-bootstrap-executor-0] INFO  : Resolving eureka endpoints via configuration
2024-05-23 17:49:12 [AsyncResolver-bootstrap-executor-0] INFO  : Resolving eureka endpoints via configuration
2024-05-23 17:54:12 [AsyncResolver-bootstrap-executor-0] INFO  : Resolving eureka endpoints via configuration
2024-05-23 17:59:12 [AsyncResolver-bootstrap-executor-0] INFO  : Resolving eureka endpoints via configuration
2024-05-23 18:04:12 [AsyncResolver-bootstrap-executor-0] INFO  : Resolving eureka endpoints via configuration
2024-05-23 18:09:12 [AsyncResolver-bootstrap-executor-0] INFO  : Resolving eureka endpoints via configuration
2024-05-23 18:14:12 [AsyncResolver-bootstrap-executor-0] INFO  : Resolving eureka endpoints via configuration
2024-05-23 18:19:12 [AsyncResolver-bootstrap-executor-0] INFO  : Resolving eureka endpoints via configuration
2024-05-23 18:24:12 [AsyncResolver-bootstrap-executor-0] INFO  : Resolving eureka endpoints via configuration
2024-05-23 18:29:12 [AsyncResolver-bootstrap-executor-0] INFO  : Resolving eureka endpoints via configuration
2024-05-23 18:34:12 [AsyncResolver-bootstrap-executor-0] INFO  : Resolving eureka endpoints via configuration
2024-05-23 18:39:12 [AsyncResolver-bootstrap-executor-0] INFO  : Resolving eureka endpoints via configuration
2024-05-23 18:44:12 [AsyncResolver-bootstrap-executor-0] INFO  : Resolving eureka endpoints via configuration
2024-05-23 18:49:12 [AsyncResolver-bootstrap-executor-0] INFO  : Resolving eureka endpoints via configuration
2024-05-23 18:54:12 [AsyncResolver-bootstrap-executor-0] INFO  : Resolving eureka endpoints via configuration
2024-05-23 18:59:12 [AsyncResolver-bootstrap-executor-0] INFO  : Resolving eureka endpoints via configuration
