2024-05-21 23:14:04 [restartedMain] INFO  : Starting FinalProjectApplication using Java 19.0.2 on valnaevis with PID 24932 (C:\Users\sammi\Documents\NTT GRUPAL\NTTBank\FinalProducts\target\classes started by sammi in C:\Users\sammi\Documents\NTT GRUPAL\NTTBank)
2024-05-21 23:14:04 [restartedMain] INFO  : No active profile set, falling back to 1 default profile: "default"
2024-05-21 23:14:04 [restartedMain] INFO  : Devtools property defaults active! Set 'spring.devtools.add-properties' to 'false' to disable
2024-05-21 23:14:04 [restartedMain] INFO  : For additional web related logging consider setting the 'logging.level.web' property to 'DEBUG'
2024-05-21 23:14:05 [restartedMain] INFO  : Bootstrapping Spring Data Reactive MongoDB repositories in DEFAULT mode.
2024-05-21 23:14:05 [restartedMain] INFO  : Finished Spring Data repository scanning in 115 ms. Found 3 Reactive MongoDB repository interfaces.
2024-05-21 23:14:05 [restartedMain] INFO  : BeanFactory id=6545e6b4-257b-3bac-85b4-8eb8915c1e36
2024-05-21 23:14:05 [restartedMain] INFO  : Bean 'org.springframework.cloud.client.loadbalancer.reactive.LoadBalancerBeanPostProcessorAutoConfiguration' of type [org.springframework.cloud.client.loadbalancer.reactive.LoadBalancerBeanPostProcessorAutoConfiguration] is not eligible for getting processed by all BeanPostProcessors (for example: not eligible for auto-proxying)
2024-05-21 23:14:05 [restartedMain] INFO  : Bean 'org.springframework.cloud.client.loadbalancer.reactive.LoadBalancerBeanPostProcessorAutoConfiguration$ReactorDeferringLoadBalancerFilterConfig' of type [org.springframework.cloud.client.loadbalancer.reactive.LoadBalancerBeanPostProcessorAutoConfiguration$ReactorDeferringLoadBalancerFilterConfig] is not eligible for getting processed by all BeanPostProcessors (for example: not eligible for auto-proxying)
2024-05-21 23:14:05 [restartedMain] INFO  : Bean 'reactorDeferringLoadBalancerExchangeFilterFunction' of type [org.springframework.cloud.client.loadbalancer.reactive.DeferringLoadBalancerExchangeFilterFunction] is not eligible for getting processed by all BeanPostProcessors (for example: not eligible for auto-proxying)
2024-05-21 23:14:06 [restartedMain] INFO  : MongoClient with metadata {"driver": {"name": "mongo-java-driver|reactive-streams|spring-boot", "version": "4.6.1"}, "os": {"type": "Windows", "name": "Windows 11", "architecture": "amd64", "version": "10.0"}, "platform": "Java/Amazon.com Inc./19.0.2+7-FR"} created with settings MongoClientSettings{readPreference=primary, writeConcern=WriteConcern{w=null, wTimeout=null ms, journal=null}, retryWrites=true, retryReads=true, readConcern=ReadConcern{level=null}, credential=null, streamFactoryFactory=NettyStreamFactoryFactory{eventLoopGroup=io.netty.channel.nio.NioEventLoopGroup@2d1202cd, socketChannelClass=class io.netty.channel.socket.nio.NioSocketChannel, allocator=PooledByteBufAllocator(directByDefault: true), sslContext=null}, commandListeners=[], codecRegistry=ProvidersCodecRegistry{codecProviders=[ValueCodecProvider{}, BsonValueCodecProvider{}, DBRefCodecProvider{}, DBObjectCodecProvider{}, DocumentCodecProvider{}, IterableCodecProvider{}, MapCodecProvider{}, GeoJsonCodecProvider{}, GridFSFileCodecProvider{}, Jsr310CodecProvider{}, JsonObjectCodecProvider{}, BsonCodecProvider{}, EnumCodecProvider{}, com.mongodb.Jep395RecordCodecProvider@4cd79a9]}, clusterSettings={hosts=[localhost:27017], srvServiceName=mongodb, mode=SINGLE, requiredClusterType=UNKNOWN, requiredReplicaSetName='null', serverSelector='null', clusterListeners='[]', serverSelectionTimeout='30000 ms', localThreshold='30000 ms'}, socketSettings=SocketSettings{connectTimeoutMS=10000, readTimeoutMS=0, receiveBufferSize=0, sendBufferSize=0}, heartbeatSocketSettings=SocketSettings{connectTimeoutMS=10000, readTimeoutMS=10000, receiveBufferSize=0, sendBufferSize=0}, connectionPoolSettings=ConnectionPoolSettings{maxSize=100, minSize=0, maxWaitTimeMS=120000, maxConnectionLifeTimeMS=0, maxConnectionIdleTimeMS=0, maintenanceInitialDelayMS=0, maintenanceFrequencyMS=60000, connectionPoolListeners=[], maxConnecting=2}, serverSettings=ServerSettings{heartbeatFrequencyMS=10000, minHeartbeatFrequencyMS=500, serverListeners='[]', serverMonitorListeners='[]'}, sslSettings=SslSettings{enabled=false, invalidHostNameAllowed=false, context=null}, applicationName='null', compressorList=[], uuidRepresentation=JAVA_LEGACY, serverApi=null, autoEncryptionSettings=null, contextProvider=null}
2024-05-21 23:14:06 [restartedMain] WARN  : Registering converter from class java.time.LocalDateTime to class org.joda.time.LocalDateTime as reading converter although it doesn't convert from a store-supported type; You might want to check your annotation setup at the converter implementation
2024-05-21 23:14:06 [cluster-ClusterId{value='664d710e6a145030da549af0', description='null'}-localhost:27017] INFO  : Opened connection [connectionId{localValue:2, serverValue:210}] to localhost:27017
2024-05-21 23:14:06 [cluster-rtt-ClusterId{value='664d710e6a145030da549af0', description='null'}-localhost:27017] INFO  : Opened connection [connectionId{localValue:1, serverValue:211}] to localhost:27017
2024-05-21 23:14:06 [cluster-ClusterId{value='664d710e6a145030da549af0', description='null'}-localhost:27017] INFO  : Monitor thread successfully connected to server with description ServerDescription{address=localhost:27017, type=STANDALONE, state=CONNECTED, ok=true, minWireVersion=0, maxWireVersion=21, maxDocumentSize=16777216, logicalSessionTimeoutMinutes=30, roundTripTimeNanos=65579500}
2024-05-21 23:14:06 [restartedMain] INFO  : LiveReload server is running on port 35729
2024-05-21 23:14:06 [restartedMain] WARN  : Registering converter from class java.time.LocalDateTime to class org.joda.time.LocalDateTime as reading converter although it doesn't convert from a store-supported type; You might want to check your annotation setup at the converter implementation
2024-05-21 23:14:07 [restartedMain] INFO  : Eureka HTTP Client uses RestTemplate.
2024-05-21 23:14:07 [restartedMain] WARN  : Spring Cloud LoadBalancer is currently working with the default cache. While this cache implementation is useful for development and tests, it's recommended to use Caffeine cache in production.You can switch to using Caffeine cache, by adding it and org.springframework.cache.caffeine.CaffeineCacheManager to the classpath.
2024-05-21 23:14:07 [restartedMain] INFO  : Setting initial instance status as: STARTING
2024-05-21 23:14:07 [restartedMain] INFO  : Initializing Eureka in region us-east-1
2024-05-21 23:14:07 [restartedMain] INFO  : Resolving eureka endpoints via configuration
2024-05-21 23:14:07 [restartedMain] INFO  : Disable delta property : false
2024-05-21 23:14:07 [restartedMain] INFO  : Single vip registry refresh property : null
2024-05-21 23:14:07 [restartedMain] INFO  : Force full registry fetch : false
2024-05-21 23:14:07 [restartedMain] INFO  : Application is null : false
2024-05-21 23:14:07 [restartedMain] INFO  : Registered Applications size is zero : true
2024-05-21 23:14:07 [restartedMain] INFO  : Application version is -1: true
2024-05-21 23:14:07 [restartedMain] INFO  : Getting all instance registry info from the eureka server
2024-05-21 23:14:07 [restartedMain] INFO  : The response status is 200
2024-05-21 23:14:07 [restartedMain] INFO  : Starting heartbeat executor: renew interval is: 30
2024-05-21 23:14:07 [restartedMain] INFO  : InstanceInfoReplicator onDemand update allowed rate per min is 4
2024-05-21 23:14:07 [restartedMain] INFO  : Discovery Client initialized at timestamp 1716351247765 with initial instances count: 0
2024-05-21 23:14:07 [restartedMain] INFO  : Registering application ACCOUNTSSERVICE with eureka with status UP
2024-05-21 23:14:07 [restartedMain] INFO  : Saw local status change event StatusChangeEvent [timestamp=1716351247767, current=UP, previous=STARTING]
2024-05-21 23:14:07 [DiscoveryClient-InstanceInfoReplicator-0] INFO  : DiscoveryClient_ACCOUNTSSERVICE/192.168.0.11:accountsService:8080: registering service...
2024-05-21 23:14:07 [restartedMain] INFO  : Netty started on port 8080
2024-05-21 23:14:07 [restartedMain] INFO  : Updating port to 8080
2024-05-21 23:14:07 [DiscoveryClient-InstanceInfoReplicator-0] INFO  : DiscoveryClient_ACCOUNTSSERVICE/192.168.0.11:accountsService:8080 - registration status: 204
2024-05-21 23:14:07 [restartedMain] INFO  : Started FinalProjectApplication in 3.654 seconds (JVM running for 4.293)
2024-05-21 23:14:37 [DiscoveryClient-CacheRefreshExecutor-0] INFO  : Disable delta property : false
2024-05-21 23:14:37 [DiscoveryClient-CacheRefreshExecutor-0] INFO  : Single vip registry refresh property : null
2024-05-21 23:14:37 [DiscoveryClient-CacheRefreshExecutor-0] INFO  : Force full registry fetch : false
2024-05-21 23:14:37 [DiscoveryClient-CacheRefreshExecutor-0] INFO  : Application is null : false
2024-05-21 23:14:37 [DiscoveryClient-CacheRefreshExecutor-0] INFO  : Registered Applications size is zero : true
2024-05-21 23:14:37 [DiscoveryClient-CacheRefreshExecutor-0] INFO  : Application version is -1: false
2024-05-21 23:14:37 [DiscoveryClient-CacheRefreshExecutor-0] INFO  : Getting all instance registry info from the eureka server
2024-05-21 23:14:37 [DiscoveryClient-CacheRefreshExecutor-0] INFO  : The response status is 200
2024-05-21 23:16:30 [reactor-http-nio-3] INFO  : Retrieving all accounts
2024-05-21 23:16:30 [nioEventLoopGroup-3-3] INFO  : Opened connection [connectionId{localValue:3, serverValue:215}] to localhost:27017
2024-05-21 23:16:37 [reactor-http-nio-3] INFO  : Retrieving all accounts
2024-05-21 23:16:38 [reactor-http-nio-3] INFO  : Retrieving all accounts
2024-05-21 23:18:09 [reactor-http-nio-3] INFO  : Retrieving the account -> 5000273292385383
2024-05-21 23:18:09 [nioEventLoopGroup-3-4] INFO  : Opened connection [connectionId{localValue:4, serverValue:216}] to localhost:27017
2024-05-21 23:18:13 [reactor-http-nio-3] INFO  : Retrieving the account -> 50002732923853834
2024-05-21 23:18:13 [nioEventLoopGroup-3-5] INFO  : Opened connection [connectionId{localValue:5, serverValue:217}] to localhost:27017
2024-05-21 23:18:13 [nioEventLoopGroup-3-5] WARN  : The account with number 50002732923853834 does not exist
2024-05-21 23:18:23 [reactor-http-nio-3] INFO  : Retrieving the account -> 5000273292385383
2024-05-21 23:18:35 [reactor-http-nio-3] INFO  : Retrieving the account -> 4651966668956963
2024-05-21 23:19:00 [reactor-http-nio-3] INFO  : Calling ClienService to get client by id
2024-05-21 23:19:01 [reactor-http-nio-3] WARN  : Client retrieval failed, try to request again
2024-05-21 23:19:07 [AsyncResolver-bootstrap-executor-0] INFO  : Resolving eureka endpoints via configuration
2024-05-21 23:19:13 [reactor-http-nio-3] INFO  : Calling ClienService to get client by id
2024-05-21 23:19:13 [reactor-http-nio-3] INFO  : Assigning adapter to the incoming account
2024-05-21 23:19:13 [nioEventLoopGroup-3-4] WARN  : The account creation breaks some domain rules
2024-05-21 23:19:35 [reactor-http-nio-3] INFO  : Calling ClienService to get client by id
2024-05-21 23:19:35 [reactor-http-nio-3] INFO  : Assigning adapter to the incoming account
2024-05-21 23:19:35 [nioEventLoopGroup-3-5] INFO  : Account -> 9354337054178636 has been created
2024-05-21 23:19:44 [reactor-http-nio-3] INFO  : Calling ClienService to get client by id
2024-05-21 23:19:44 [reactor-http-nio-3] INFO  : Assigning adapter to the incoming account
2024-05-21 23:19:44 [nioEventLoopGroup-3-4] INFO  : Account -> 4819376183056374 has been created
2024-05-21 23:20:16 [reactor-http-nio-3] INFO  : Retrieving the account -> 4651966668956963
2024-05-21 23:20:16 [nioEventLoopGroup-3-3] INFO  : Assigning adapter to the incoming account
2024-05-21 23:20:16 [nioEventLoopGroup-3-3] INFO  : Account -> null has been updated
2024-05-21 23:20:32 [SpringApplicationShutdownHook] INFO  : Unregistering application ACCOUNTSSERVICE with eureka with status DOWN
2024-05-21 23:20:32 [SpringApplicationShutdownHook] INFO  : Saw local status change event StatusChangeEvent [timestamp=1716351632979, current=DOWN, previous=UP]
2024-05-21 23:20:32 [DiscoveryClient-InstanceInfoReplicator-0] INFO  : DiscoveryClient_ACCOUNTSSERVICE/192.168.0.11:accountsService:8080: registering service...
2024-05-21 23:20:32 [DiscoveryClient-InstanceInfoReplicator-0] INFO  : DiscoveryClient_ACCOUNTSSERVICE/192.168.0.11:accountsService:8080 - registration status: 204
2024-05-21 23:20:35 [SpringApplicationShutdownHook] INFO  : Shutting down DiscoveryClient ...
2024-05-21 23:20:38 [DiscoveryClient-1] WARN  : task supervisor shutting down, can't accept the task
2024-05-21 23:20:38 [SpringApplicationShutdownHook] INFO  : Unregistering ...
2024-05-21 23:20:38 [SpringApplicationShutdownHook] INFO  : DiscoveryClient_ACCOUNTSSERVICE/192.168.0.11:accountsService:8080 - deregister  status: 200
2024-05-21 23:20:38 [SpringApplicationShutdownHook] INFO  : Completed shut down of DiscoveryClient
