2024-05-24 00:28:18 [main] INFO  : Fetching config from server at : http://localhost:8000
2024-05-24 00:28:18 [main] INFO  : Located environment: name=clientService, profiles=[default], label=null, version=9ad6f57ec9218869e9b793f4bba27c98c3cc70b8, state=null
2024-05-24 00:28:19 [main] INFO  : Fetching config from server at : http://localhost:8000
2024-05-24 00:28:21 [main] INFO  : Located environment: name=clientService, profiles=[default], label=null, version=9ad6f57ec9218869e9b793f4bba27c98c3cc70b8, state=null
2024-05-24 00:28:21 [main] INFO  : Located property source: [BootstrapPropertySource {name='bootstrapProperties-configClient'}, BootstrapPropertySource {name='bootstrapProperties-https://github.com/B1nast1c/NTTBank/BankConfigServer/configClients/clientService.yml'}]
2024-05-24 00:28:21 [main] INFO  : No active profile set, falling back to 1 default profile: "default"
2024-05-24 00:28:21 [main] INFO  : Fetching config from server at : http://localhost:8000
2024-05-24 00:28:21 [main] INFO  : Located environment: name=clientService, profiles=[default], label=null, version=9ad6f57ec9218869e9b793f4bba27c98c3cc70b8, state=null
2024-05-24 00:28:21 [main] INFO  : Bootstrapping Spring Data Reactive MongoDB repositories in DEFAULT mode.
2024-05-24 00:28:21 [main] INFO  : Finished Spring Data repository scanning in 225 ms. Found 1 Reactive MongoDB repository interfaces.
2024-05-24 00:28:22 [main] INFO  : BeanFactory id=3357406c-9e20-3145-8fd1-edf6d03d802b
2024-05-24 00:28:22 [main] INFO  : Bean 'org.springframework.cloud.client.loadbalancer.reactive.LoadBalancerBeanPostProcessorAutoConfiguration' of type [org.springframework.cloud.client.loadbalancer.reactive.LoadBalancerBeanPostProcessorAutoConfiguration] is not eligible for getting processed by all BeanPostProcessors (for example: not eligible for auto-proxying)
2024-05-24 00:28:22 [main] INFO  : Bean 'org.springframework.cloud.client.loadbalancer.reactive.LoadBalancerBeanPostProcessorAutoConfiguration$ReactorDeferringLoadBalancerFilterConfig' of type [org.springframework.cloud.client.loadbalancer.reactive.LoadBalancerBeanPostProcessorAutoConfiguration$ReactorDeferringLoadBalancerFilterConfig] is not eligible for getting processed by all BeanPostProcessors (for example: not eligible for auto-proxying)
2024-05-24 00:28:22 [main] INFO  : Bean 'reactorDeferringLoadBalancerExchangeFilterFunction' of type [org.springframework.cloud.client.loadbalancer.reactive.DeferringLoadBalancerExchangeFilterFunction] is not eligible for getting processed by all BeanPostProcessors (for example: not eligible for auto-proxying)
2024-05-24 00:28:22 [main] INFO  : Tomcat initialized with port(s): 0 (http)
2024-05-24 00:28:22 [main] INFO  : Initializing ProtocolHandler ["http-nio-auto-1"]
2024-05-24 00:28:22 [main] INFO  : Starting service [Tomcat]
2024-05-24 00:28:22 [main] INFO  : Starting Servlet engine: [Apache Tomcat/9.0.83]
2024-05-24 00:28:23 [main] INFO  : MongoClient with metadata {"driver": {"name": "mongo-java-driver|reactive-streams|spring-boot", "version": "4.6.1"}, "os": {"type": "Windows", "name": "Windows 11", "architecture": "amd64", "version": "10.0"}, "platform": "Java/Oracle Corporation/17.0.11+7-LTS-207"} created with settings MongoClientSettings{readPreference=primary, writeConcern=WriteConcern{w=null, wTimeout=null ms, journal=null}, retryWrites=true, retryReads=true, readConcern=ReadConcern{level=null}, credential=null, streamFactoryFactory=NettyStreamFactoryFactory{eventLoopGroup=io.netty.channel.nio.NioEventLoopGroup@2a15b749, socketChannelClass=class io.netty.channel.socket.nio.NioSocketChannel, allocator=PooledByteBufAllocator(directByDefault: true), sslContext=null}, commandListeners=[], codecRegistry=ProvidersCodecRegistry{codecProviders=[ValueCodecProvider{}, BsonValueCodecProvider{}, DBRefCodecProvider{}, DBObjectCodecProvider{}, DocumentCodecProvider{}, IterableCodecProvider{}, MapCodecProvider{}, GeoJsonCodecProvider{}, GridFSFileCodecProvider{}, Jsr310CodecProvider{}, JsonObjectCodecProvider{}, BsonCodecProvider{}, EnumCodecProvider{}, com.mongodb.Jep395RecordCodecProvider@7b96476b]}, clusterSettings={hosts=[localhost:27017], srvServiceName=mongodb, mode=SINGLE, requiredClusterType=UNKNOWN, requiredReplicaSetName='null', serverSelector='null', clusterListeners='[]', serverSelectionTimeout='30000 ms', localThreshold='30000 ms'}, socketSettings=SocketSettings{connectTimeoutMS=10000, readTimeoutMS=0, receiveBufferSize=0, sendBufferSize=0}, heartbeatSocketSettings=SocketSettings{connectTimeoutMS=10000, readTimeoutMS=10000, receiveBufferSize=0, sendBufferSize=0}, connectionPoolSettings=ConnectionPoolSettings{maxSize=100, minSize=0, maxWaitTimeMS=120000, maxConnectionLifeTimeMS=0, maxConnectionIdleTimeMS=0, maintenanceInitialDelayMS=0, maintenanceFrequencyMS=60000, connectionPoolListeners=[], maxConnecting=2}, serverSettings=ServerSettings{heartbeatFrequencyMS=10000, minHeartbeatFrequencyMS=500, serverListeners='[]', serverMonitorListeners='[]'}, sslSettings=SslSettings{enabled=false, invalidHostNameAllowed=false, context=null}, applicationName='null', compressorList=[], uuidRepresentation=JAVA_LEGACY, serverApi=null, autoEncryptionSettings=null, contextProvider=null}
2024-05-24 00:28:23 [main] WARN  : Registering converter from class java.time.LocalDateTime to class org.joda.time.LocalDateTime as reading converter although it doesn't convert from a store-supported type; You might want to check your annotation setup at the converter implementation
2024-05-24 00:28:23 [cluster-rtt-ClusterId{value='66502577f769f96c0692743f', description='null'}-localhost:27017] INFO  : Opened connection [connectionId{localValue:1, serverValue:59}] to localhost:27017
2024-05-24 00:28:23 [cluster-ClusterId{value='66502577f769f96c0692743f', description='null'}-localhost:27017] INFO  : Opened connection [connectionId{localValue:2, serverValue:58}] to localhost:27017
2024-05-24 00:28:23 [cluster-ClusterId{value='66502577f769f96c0692743f', description='null'}-localhost:27017] INFO  : Monitor thread successfully connected to server with description ServerDescription{address=localhost:27017, type=STANDALONE, state=CONNECTED, ok=true, minWireVersion=0, maxWireVersion=21, maxDocumentSize=16777216, logicalSessionTimeoutMinutes=30, roundTripTimeNanos=93619400}
2024-05-24 00:28:24 [main] WARN  : Registering converter from class java.time.LocalDateTime to class org.joda.time.LocalDateTime as reading converter although it doesn't convert from a store-supported type; You might want to check your annotation setup at the converter implementation
2024-05-24 00:28:24 [nioEventLoopGroup-2-3] INFO  : Opened connection [connectionId{localValue:3, serverValue:60}] to localhost:27017
2024-05-24 00:28:25 [main] INFO  : Eureka HTTP Client uses RestTemplate.
2024-05-24 00:28:25 [main] WARN  : Spring Cloud LoadBalancer is currently working with the default cache. While this cache implementation is useful for development and tests, it's recommended to use Caffeine cache in production.You can switch to using Caffeine cache, by adding it and org.springframework.cache.caffeine.CaffeineCacheManager to the classpath.
2024-05-24 00:28:26 [main] INFO  : Starting ProtocolHandler ["http-nio-auto-1"]
2024-05-24 00:28:26 [main] INFO  : Tomcat started on port(s): 58949 (http) with context path ''
2024-05-24 00:28:26 [main] INFO  : Updating port to 58949
2024-05-24 00:28:26 [main] INFO  : Setting initial instance status as: STARTING
2024-05-24 00:28:26 [main] INFO  : Initializing Eureka in region us-east-1
2024-05-24 00:28:26 [main] INFO  : Resolving eureka endpoints via configuration
2024-05-24 00:28:26 [main] INFO  : Disable delta property : false
2024-05-24 00:28:26 [main] INFO  : Single vip registry refresh property : null
2024-05-24 00:28:26 [main] INFO  : Force full registry fetch : false
2024-05-24 00:28:26 [main] INFO  : Application is null : false
2024-05-24 00:28:26 [main] INFO  : Registered Applications size is zero : true
2024-05-24 00:28:26 [main] INFO  : Application version is -1: true
2024-05-24 00:28:26 [main] INFO  : Getting all instance registry info from the eureka server
2024-05-24 00:28:26 [main] INFO  : The response status is 200
2024-05-24 00:28:26 [main] INFO  : Starting heartbeat executor: renew interval is: 30
2024-05-24 00:28:26 [main] INFO  : InstanceInfoReplicator onDemand update allowed rate per min is 4
2024-05-24 00:28:26 [main] INFO  : Discovery Client initialized at timestamp 1716528506680 with initial instances count: 3
2024-05-24 00:28:26 [main] INFO  : Registering application CLIENTSERVICE with eureka with status UP
2024-05-24 00:28:26 [main] INFO  : Saw local status change event StatusChangeEvent [timestamp=1716528506686, current=UP, previous=STARTING]
2024-05-24 00:28:26 [DiscoveryClient-InstanceInfoReplicator-0] INFO  : DiscoveryClient_CLIENTSERVICE/192.168.0.11:clientService:0: registering service...
2024-05-24 00:28:26 [DiscoveryClient-InstanceInfoReplicator-0] INFO  : DiscoveryClient_CLIENTSERVICE/192.168.0.11:clientService:0 - registration status: 204
2024-05-24 00:28:26 [main] INFO  : Started ClientControllerTest in 11.31 seconds (JVM running for 13.824)
2024-05-24 00:28:28 [nioEventLoopGroup-2-3] WARN  : Client not found -> NOT_FOUND
2024-05-24 00:28:28 [http-nio-auto-1-exec-3] INFO  : Found clients -> FluxMap
2024-05-24 00:28:28 [nioEventLoopGroup-2-3] WARN  : Document number is empty or duplicated -> INVALID_DOCUMENT
2024-05-24 00:28:28 [nioEventLoopGroup-2-3] WARN  : Deleting client not found -> NOT_FOUND
2024-05-24 00:28:28 [nioEventLoopGroup-2-3] WARN  : Deleting client not found -> NOT_FOUND
2024-05-24 00:28:28 [http-nio-auto-1-exec-2] WARN  : Client type is not valid -> INVALID_TYPE
2024-05-24 00:28:28 [nioEventLoopGroup-2-3] INFO  : Client found -> Valeria Goyzueta
2024-05-24 00:28:29 [main] INFO  : The client has been validated
2024-05-24 00:28:29 [main] WARN  : Document number is empty or duplicated -> INVALID_DOCUMENT
2024-05-24 00:28:29 [main] WARN  : Client type is not valid -> INVALID_TYPE
2024-05-24 00:28:29 [main] WARN  : Client type is not valid -> INVALID_TYPE
2024-05-24 00:28:29 [main] INFO  : Neither @ContextConfiguration nor @ContextHierarchy found for test class [project.FinalProjectApplicationTest], using SpringBootContextLoader
2024-05-24 00:28:29 [main] INFO  : Could not detect default resource locations for test class [project.FinalProjectApplicationTest]: no resource found for suffixes {-context.xml, Context.groovy}.
2024-05-24 00:28:29 [main] INFO  : Could not detect default configuration classes for test class [project.FinalProjectApplicationTest]: FinalProjectApplicationTest does not declare any static, non-private, non-final, nested classes annotated with @Configuration.
2024-05-24 00:28:29 [main] INFO  : Found @SpringBootConfiguration project.FinalProjectApplication for test class project.FinalProjectApplicationTest
2024-05-24 00:28:29 [main] INFO  : Loaded default TestExecutionListener class names from location [META-INF/spring.factories]: [org.springframework.boot.test.mock.mockito.MockitoTestExecutionListener, org.springframework.boot.test.mock.mockito.ResetMocksTestExecutionListener, org.springframework.boot.test.autoconfigure.restdocs.RestDocsTestExecutionListener, org.springframework.boot.test.autoconfigure.web.client.MockRestServiceServerResetTestExecutionListener, org.springframework.boot.test.autoconfigure.web.servlet.MockMvcPrintOnlyOnFailureTestExecutionListener, org.springframework.boot.test.autoconfigure.web.servlet.WebDriverTestExecutionListener, org.springframework.boot.test.autoconfigure.webservices.client.MockWebServiceServerTestExecutionListener, org.springframework.test.context.web.ServletTestExecutionListener, org.springframework.test.context.support.DirtiesContextBeforeModesTestExecutionListener, org.springframework.test.context.event.ApplicationEventsTestExecutionListener, org.springframework.test.context.support.DependencyInjectionTestExecutionListener, org.springframework.test.context.support.DirtiesContextTestExecutionListener, org.springframework.test.context.transaction.TransactionalTestExecutionListener, org.springframework.test.context.jdbc.SqlScriptsTestExecutionListener, org.springframework.test.context.event.EventPublishingTestExecutionListener]
2024-05-24 00:28:29 [main] INFO  : Using TestExecutionListeners: [org.springframework.test.context.web.ServletTestExecutionListener@38b05ff8, org.springframework.test.context.support.DirtiesContextBeforeModesTestExecutionListener@169b0203, org.springframework.test.context.event.ApplicationEventsTestExecutionListener@29a8c90, org.springframework.boot.test.mock.mockito.MockitoTestExecutionListener@1ff4108, org.springframework.boot.test.autoconfigure.SpringBootDependencyInjectionTestExecutionListener@3b8a9150, org.springframework.test.context.support.DirtiesContextTestExecutionListener@75cf0738, org.springframework.test.context.transaction.TransactionalTestExecutionListener@23e7eb1d, org.springframework.test.context.jdbc.SqlScriptsTestExecutionListener@58eb1968, org.springframework.test.context.event.EventPublishingTestExecutionListener@37841334, org.springframework.boot.test.mock.mockito.ResetMocksTestExecutionListener@3aff343b, org.springframework.boot.test.autoconfigure.restdocs.RestDocsTestExecutionListener@265c8f7a, org.springframework.boot.test.autoconfigure.web.client.MockRestServiceServerResetTestExecutionListener@26fcf280, org.springframework.boot.test.autoconfigure.web.servlet.MockMvcPrintOnlyOnFailureTestExecutionListener@317648d8, org.springframework.boot.test.autoconfigure.web.servlet.WebDriverTestExecutionListener@72ebfc21, org.springframework.boot.test.autoconfigure.webservices.client.MockWebServiceServerTestExecutionListener@300e9a59]
2024-05-24 00:28:29 [main] INFO  : Restart disabled due to context in which it is running
2024-05-24 00:28:29 [main] INFO  : Restart disabled due to context in which it is running
2024-05-24 00:28:30 [main] INFO  : Fetching config from server at : http://localhost:8000
2024-05-24 00:28:30 [main] INFO  : Located environment: name=clientService, profiles=[default], label=null, version=9ad6f57ec9218869e9b793f4bba27c98c3cc70b8, state=null
2024-05-24 00:28:31 [main] INFO  : Fetching config from server at : http://localhost:8000
2024-05-24 00:28:32 [main] INFO  : Located environment: name=clientService, profiles=[default], label=null, version=9ad6f57ec9218869e9b793f4bba27c98c3cc70b8, state=null
2024-05-24 00:28:32 [main] INFO  : Located property source: [BootstrapPropertySource {name='bootstrapProperties-configClient'}, BootstrapPropertySource {name='bootstrapProperties-https://github.com/B1nast1c/NTTBank/BankConfigServer/configClients/clientService.yml'}]
2024-05-24 00:28:32 [main] INFO  : No active profile set, falling back to 1 default profile: "default"
2024-05-24 00:28:32 [main] INFO  : Fetching config from server at : http://localhost:8000
2024-05-24 00:28:32 [main] INFO  : Located environment: name=clientService, profiles=[default], label=null, version=9ad6f57ec9218869e9b793f4bba27c98c3cc70b8, state=null
2024-05-24 00:28:32 [main] INFO  : Bootstrapping Spring Data Reactive MongoDB repositories in DEFAULT mode.
2024-05-24 00:28:32 [main] INFO  : Finished Spring Data repository scanning in 23 ms. Found 1 Reactive MongoDB repository interfaces.
2024-05-24 00:28:32 [main] INFO  : BeanFactory id=14f12625-5d36-304e-bbeb-089e15156b26
2024-05-24 00:28:33 [main] INFO  : Bean 'org.springframework.cloud.client.loadbalancer.reactive.LoadBalancerBeanPostProcessorAutoConfiguration' of type [org.springframework.cloud.client.loadbalancer.reactive.LoadBalancerBeanPostProcessorAutoConfiguration] is not eligible for getting processed by all BeanPostProcessors (for example: not eligible for auto-proxying)
2024-05-24 00:28:33 [main] INFO  : Bean 'org.springframework.cloud.client.loadbalancer.reactive.LoadBalancerBeanPostProcessorAutoConfiguration$ReactorDeferringLoadBalancerFilterConfig' of type [org.springframework.cloud.client.loadbalancer.reactive.LoadBalancerBeanPostProcessorAutoConfiguration$ReactorDeferringLoadBalancerFilterConfig] is not eligible for getting processed by all BeanPostProcessors (for example: not eligible for auto-proxying)
2024-05-24 00:28:33 [main] INFO  : Bean 'reactorDeferringLoadBalancerExchangeFilterFunction' of type [org.springframework.cloud.client.loadbalancer.reactive.DeferringLoadBalancerExchangeFilterFunction] is not eligible for getting processed by all BeanPostProcessors (for example: not eligible for auto-proxying)
2024-05-24 00:28:33 [main] INFO  : MongoClient with metadata {"driver": {"name": "mongo-java-driver|reactive-streams|spring-boot", "version": "4.6.1"}, "os": {"type": "Windows", "name": "Windows 11", "architecture": "amd64", "version": "10.0"}, "platform": "Java/Oracle Corporation/17.0.11+7-LTS-207"} created with settings MongoClientSettings{readPreference=primary, writeConcern=WriteConcern{w=null, wTimeout=null ms, journal=null}, retryWrites=true, retryReads=true, readConcern=ReadConcern{level=null}, credential=null, streamFactoryFactory=NettyStreamFactoryFactory{eventLoopGroup=io.netty.channel.nio.NioEventLoopGroup@7cc24d56, socketChannelClass=class io.netty.channel.socket.nio.NioSocketChannel, allocator=PooledByteBufAllocator(directByDefault: true), sslContext=null}, commandListeners=[], codecRegistry=ProvidersCodecRegistry{codecProviders=[ValueCodecProvider{}, BsonValueCodecProvider{}, DBRefCodecProvider{}, DBObjectCodecProvider{}, DocumentCodecProvider{}, IterableCodecProvider{}, MapCodecProvider{}, GeoJsonCodecProvider{}, GridFSFileCodecProvider{}, Jsr310CodecProvider{}, JsonObjectCodecProvider{}, BsonCodecProvider{}, EnumCodecProvider{}, com.mongodb.Jep395RecordCodecProvider@7b96476b]}, clusterSettings={hosts=[localhost:27017], srvServiceName=mongodb, mode=SINGLE, requiredClusterType=UNKNOWN, requiredReplicaSetName='null', serverSelector='null', clusterListeners='[]', serverSelectionTimeout='30000 ms', localThreshold='30000 ms'}, socketSettings=SocketSettings{connectTimeoutMS=10000, readTimeoutMS=0, receiveBufferSize=0, sendBufferSize=0}, heartbeatSocketSettings=SocketSettings{connectTimeoutMS=10000, readTimeoutMS=10000, receiveBufferSize=0, sendBufferSize=0}, connectionPoolSettings=ConnectionPoolSettings{maxSize=100, minSize=0, maxWaitTimeMS=120000, maxConnectionLifeTimeMS=0, maxConnectionIdleTimeMS=0, maintenanceInitialDelayMS=0, maintenanceFrequencyMS=60000, connectionPoolListeners=[], maxConnecting=2}, serverSettings=ServerSettings{heartbeatFrequencyMS=10000, minHeartbeatFrequencyMS=500, serverListeners='[]', serverMonitorListeners='[]'}, sslSettings=SslSettings{enabled=false, invalidHostNameAllowed=false, context=null}, applicationName='null', compressorList=[], uuidRepresentation=JAVA_LEGACY, serverApi=null, autoEncryptionSettings=null, contextProvider=null}
2024-05-24 00:28:33 [cluster-rtt-ClusterId{value='66502581f769f96c06927440', description='null'}-localhost:27017] INFO  : Opened connection [connectionId{localValue:5, serverValue:62}] to localhost:27017
2024-05-24 00:28:33 [cluster-ClusterId{value='66502581f769f96c06927440', description='null'}-localhost:27017] INFO  : Opened connection [connectionId{localValue:4, serverValue:61}] to localhost:27017
2024-05-24 00:28:33 [cluster-ClusterId{value='66502581f769f96c06927440', description='null'}-localhost:27017] INFO  : Monitor thread successfully connected to server with description ServerDescription{address=localhost:27017, type=STANDALONE, state=CONNECTED, ok=true, minWireVersion=0, maxWireVersion=21, maxDocumentSize=16777216, logicalSessionTimeoutMinutes=30, roundTripTimeNanos=9151300}
2024-05-24 00:28:33 [main] WARN  : Registering converter from class java.time.LocalDateTime to class org.joda.time.LocalDateTime as reading converter although it doesn't convert from a store-supported type; You might want to check your annotation setup at the converter implementation
2024-05-24 00:28:33 [main] WARN  : Registering converter from class java.time.LocalDateTime to class org.joda.time.LocalDateTime as reading converter although it doesn't convert from a store-supported type; You might want to check your annotation setup at the converter implementation
2024-05-24 00:28:33 [nioEventLoopGroup-3-3] INFO  : Opened connection [connectionId{localValue:6, serverValue:63}] to localhost:27017
2024-05-24 00:28:33 [main] INFO  : Eureka HTTP Client uses RestTemplate.
2024-05-24 00:28:33 [main] WARN  : Spring Cloud LoadBalancer is currently working with the default cache. While this cache implementation is useful for development and tests, it's recommended to use Caffeine cache in production.You can switch to using Caffeine cache, by adding it and org.springframework.cache.caffeine.CaffeineCacheManager to the classpath.
2024-05-24 00:28:34 [main] INFO  : Started FinalProjectApplicationTest in 4.925 seconds (JVM running for 20.942)
2024-05-24 00:28:34 [main] INFO  : Client found -> Luciano Guerra
2024-05-24 00:28:34 [main] INFO  : Found clients -> FluxMapFuseable
2024-05-24 00:28:34 [main] WARN  : Client not found -> NOT_FOUND
2024-05-24 00:28:34 [main] WARN  : Deleting client not found -> NOT_FOUND
2024-05-24 00:28:34 [main] INFO  : Client to update -> 1
2024-05-24 00:28:34 [main] INFO  : Client to update -> 1
2024-05-24 00:28:34 [main] INFO  : Updating clientJohn Smith
2024-05-24 00:28:34 [main] INFO  : Client to delete -> 1
2024-05-24 00:28:34 [main] WARN  : Not found client -> NOT_FOUND
2024-05-24 00:28:34 [main] INFO  : Client to update -> 1
2024-05-24 00:28:34 [main] INFO  : Updating clientJohn Smith
2024-05-24 00:28:34 [main] ERROR : DNI or NAME are missing -> WRONG_PARAMS
2024-05-24 00:28:34 [SpringApplicationShutdownHook] INFO  : Unregistering application CLIENTSERVICE with eureka with status DOWN
2024-05-24 00:28:34 [SpringApplicationShutdownHook] INFO  : Saw local status change event StatusChangeEvent [timestamp=1716528514342, current=DOWN, previous=UP]
2024-05-24 00:28:34 [DiscoveryClient-InstanceInfoReplicator-0] INFO  : DiscoveryClient_CLIENTSERVICE/192.168.0.11:clientService:0: registering service...
2024-05-24 00:28:34 [DiscoveryClient-InstanceInfoReplicator-0] INFO  : DiscoveryClient_CLIENTSERVICE/192.168.0.11:clientService:0 - registration status: 204
2024-05-24 00:28:38 [SpringApplicationShutdownHook] INFO  : Shutting down DiscoveryClient ...
2024-05-24 00:28:41 [SpringApplicationShutdownHook] INFO  : Unregistering ...
2024-05-24 00:28:41 [SpringApplicationShutdownHook] INFO  : DiscoveryClient_CLIENTSERVICE/192.168.0.11:clientService:0 - deregister  status: 200
2024-05-24 00:28:41 [SpringApplicationShutdownHook] INFO  : Completed shut down of DiscoveryClient
2024-05-24 00:28:41 [SpringApplicationShutdownHook] INFO  : Setting initial instance status as: STARTING
2024-05-24 00:28:41 [SpringApplicationShutdownHook] INFO  : Unregistering application CLIENTSERVICE with eureka with status DOWN
